#
# A fatal error has been detected by the Java Runtime Environment:
#
#  EXCEPTION_ACCESS_VIOLATION (0xc0000005) at pc=0x00007ffe5e582cbc, pid=16136, tid=20072
#
# JRE version: OpenJDK Runtime Environment Temurin-21.0.10+7 (21.0.10+7) (build 21.0.10+7-LTS)
# Java VM: OpenJDK 64-Bit Server VM Temurin-21.0.10+7 (21.0.10+7-LTS, mixed mode, sharing, tiered, compressed oops, compressed class ptrs, parallel gc, windows-amd64)
# Problematic frame:
# V  [jvm.dll+0x6b2cbc]
#
# No core dump will be written. Minidumps are not enabled by default on client versions of Windows
#
# If you would like to submit a bug report, please visit:
#   https://github.com/adoptium/adoptium-support/issues
#

---------------  S U M M A R Y ------------

Command Line: --add-modules=ALL-SYSTEM --add-opens=java.base/java.util=ALL-UNNAMED --add-opens=java.base/java.lang=ALL-UNNAMED --add-opens=java.base/sun.nio.fs=ALL-UNNAMED -Declipse.application=org.eclipse.jdt.ls.core.id1 -Dosgi.bundles.defaultStartLevel=4 -Declipse.product=org.eclipse.jdt.ls.core.product -Djava.import.generatesMetadataFilesAtProjectRoot=false -DDetectVMInstallationsJob.disabled=true -Dfile.encoding=utf8 -XX:+UseParallelGC -XX:GCTimeRatio=4 -XX:AdaptiveSizePolicyWeight=90 -Dsun.zip.disableMemoryMapping=true -Xmx2G -Xms100m -Xlog:disable -javaagent:c:\Users\L13X16W32\.vscode\extensions\redhat.java-1.53.0-win32-x64\lombok\lombok-1.18.39-4050.jar -XX:+HeapDumpOnOutOfMemoryError -XX:HeapDumpPath=c:\Users\L13X16W32\AppData\Roaming\Code\User\workspaceStorage\11064a5747c5e21143702aca2eb3395a\redhat.java -Daether.dependencyCollector.impl=bf c:\Users\L13X16W32\.vscode\extensions\redhat.java-1.53.0-win32-x64\server\plugins\org.eclipse.equinox.launcher_1.7.100.v20251111-0406.jar -configuration c:\Users\L13X16W32\AppData\Roaming\Code\User\globalStorage\redhat.java\1.53.0\config_win -data c:\Users\L13X16W32\AppData\Roaming\Code\User\workspaceStorage\11064a5747c5e21143702aca2eb3395a\redhat.java\jdt_ws --pipe=\\.\pipe\lsp-0b665716e9b4d6a5d843fb32c04f4750-sock

Host: 12th Gen Intel(R) Core(TM) i7-12700, 20 cores, 15G,  Windows 11 , 64 bit Build 22621 (10.0.22621.5415)
Time: Wed Mar 11 17:10:58 2026 China Standard Time elapsed time: 6934.828149 seconds (0d 1h 55m 34s)

---------------  T H R E A D  ---------------

Current thread (0x000001c119aa1e10):  JavaThread "C2 CompilerThread1" daemon [_thread_in_native, id=20072, stack(0x0000005846000000,0x0000005846100000) (1024K)]


Current CompileTask:
C2:6934828 20769   !   4       org.eclipse.jdt.internal.core.search.indexing.BinaryIndexer::indexDocument (1172 bytes)

Stack: [0x0000005846000000,0x0000005846100000],  sp=0x00000058460fd860,  free space=1014k
Native frames: (J=compiled Java code, j=interpreted, Vv=VM code, C=native code)
V  [jvm.dll+0x6b2cbc]
V  [jvm.dll+0x250376]
V  [jvm.dll+0x6fd2fc]
V  [jvm.dll+0x254e97]
V  [jvm.dll+0x24b808]
V  [jvm.dll+0x1cb34e]
V  [jvm.dll+0x25b85d]
V  [jvm.dll+0x259dea]
V  [jvm.dll+0x3f857e]
V  [jvm.dll+0x85f59d]
V  [jvm.dll+0x6d626d]
C  [ucrtbase.dll+0x29333]
C  [KERNEL32.DLL+0x1259d]
C  [ntdll.dll+0x5af78]


siginfo: EXCEPTION_ACCESS_VIOLATION (0xc0000005), reading address 0xffffffffffffffff


Registers:
RAX=0x00007ffe5e9514c0, RBX=0x000001c121de2ec0, RCX=0x000001c121de2a70, RDX=0x0000000000000065
RSP=0x00000058460fd860, RBP=0x0000000000000000, RSI=0x000001c121de2a70, RDI=0x000001c121de2a70
R8 =0x0000000000000001, R9 =0x0000000000000001, R10=0x000001c121de2d40, R11=0x000001c121de2d40
R12=0x0000000000000758, R13=0x000001c120194c00, R14=0x00000058460fd930, R15=0x0000000000000001
RIP=0x00007ffe5e582cbc, EFLAGS=0x0000000000010206

XMM[0]=0x0000000000000000 0x0000000000000000
XMM[1]=0x0000000000000000 0x0000000000000000
XMM[2]=0x0000000000000000 0x0000000000000000
XMM[3]=0x0000000000000000 0x0000000000000000
XMM[4]=0x0000000000000000 0x0000000000000000
XMM[5]=0x0000000000000000 0x0000000000000000
XMM[6]=0x0000000000000000 0x0000000000000000
XMM[7]=0x0000000000000000 0x0000000000000000
XMM[8]=0x0000000000000000 0x0000000000000000
XMM[9]=0x0000000000000000 0x0000000000000000
XMM[10]=0x0000000000000000 0x0000000000000000
XMM[11]=0x0000000000000000 0x0000000000000000
XMM[12]=0x0000000000000000 0x0000000000000000
XMM[13]=0x0000000000000000 0x0000000000000000
XMM[14]=0x0000000000000000 0x0000000000000000
XMM[15]=0x0000000000000000 0x0000000000000000
  MXCSR=0x00001fa0


Register to memory mapping:

RAX=0x00007ffe5e9514c0 jvm.dll
RBX=0x000001c121de2ec0 points into unknown readable memory: 0x00007ffe5e8d84a8 | a8 84 8d 5e fe 7f 00 00
RCX=0x000001c121de2a70 points into unknown readable memory: 0x00007ffe5e9534c0 | c0 34 95 5e fe 7f 00 00
RDX=0x0000000000000065 is an unknown value
RSP=0x00000058460fd860 is pointing into the stack for thread: 0x000001c119aa1e10
RBP=0x0 is null
RSI=0x000001c121de2a70 points into unknown readable memory: 0x00007ffe5e9534c0 | c0 34 95 5e fe 7f 00 00
RDI=0x000001c121de2a70 points into unknown readable memory: 0x00007ffe5e9534c0 | c0 34 95 5e fe 7f 00 00
R8 =0x0000000000000001 is an unknown value
R9 =0x0000000000000001 is an unknown value
R10=0x000001c121de2d40 points into unknown readable memory: 0x000001c121de2ec0 | c0 2e de 21 c1 01 00 00
R11=0x000001c121de2d40 points into unknown readable memory: 0x000001c121de2ec0 | c0 2e de 21 c1 01 00 00
R12=0x0000000000000758 is an unknown value
R13=0x000001c120194c00 points into unknown readable memory: 0x00000058460fe780 | 80 e7 0f 46 58 00 00 00
R14=0x00000058460fd930 is pointing into the stack for thread: 0x000001c119aa1e10
R15=0x0000000000000001 is an unknown value

Top of Stack: (sp=0x00000058460fd860)
0x00000058460fd860:   0000000000000202 00000058460fd960
0x00000058460fd870:   0000005800000000 00000058460fdba0
0x00000058460fd880:   00000058460fd940 00007ffe5e120376
0x00000058460fd890:   00000058460fe650 000001c121de2a70
0x00000058460fd8a0:   00000058460fe650 00007ffe5e5d0032
0x00000058460fd8b0:   0000000000000001 00000058460fd930
0x00000058460fd8c0:   0000000000040298 00000058460fdba0
0x00000058460fd8d0:   000001c125bfd420 00007ffe5e5cd2fc
0x00000058460fd8e0:   000001c12799dc88 00000058460fe650
0x00000058460fd8f0:   000001c120194c00 000001c120194c00
0x00000058460fd900:   000001c12799b6e8 00007ffe5e124e97
0x00000058460fd910:   00000058460fe650 000001c127995ca0
0x00000058460fd920:   000001c125bfd420 000001c129561420
0x00000058460fd930:   000001c100000002 00000058460fe650
0x00000058460fd940:   000001c129561420 000001c100008000
0x00000058460fd950:   000001c128517480 000001c100002516
0x00000058460fd960:   000001c100000400 000001c12240dfc0
0x00000058460fd970:   00007ffe00000400 000001c129561420
0x00000058460fd980:   0000005800000000 00000058460ff280
0x00000058460fd990:   00000058460fdba0 000001c120bebbd0
0x00000058460fd9a0:   0000000000000000 000001c1ffffffff
0x00000058460fd9b0:   0000000000000000 000001c0c0af1890
0x00000058460fd9c0:   000001c125a793e0 0000000000000002
0x00000058460fd9d0:   000001c0c0b5c0d0 000001c120194c70
0x00000058460fd9e0:   0000000000000001 00007ffe5e11b808
0x00000058460fd9f0:   0000000000000000 00000058460fdaf0
0x00000058460fda00:   00000058460fe650 000001c120194c70
0x00000058460fda10:   0000000000000000 0000000000000000
0x00000058460fda20:   00000058460fe650 0000000000000000
0x00000058460fda30:   000001c119991a40 0000000000000000
0x00000058460fda40:   0000000000000000 0000000000000000
0x00000058460fda50:   0000000000000000 0000000000000000 

Instructions: (pc=0x00007ffe5e582cbc)
0x00007ffe5e582bbc:   74 24 18 57 48 83 ec 20 48 8b 59 10 8b ea 8b 41
0x00007ffe5e582bcc:   20 48 8d 34 c3 48 3b de 73 22 66 66 0f 1f 84 00
0x00007ffe5e582bdc:   00 00 00 00 48 8b 3b 48 8b cf 48 8b 07 ff 10 3b
0x00007ffe5e582bec:   c5 74 0b 48 83 c3 08 48 3b de 72 e8 33 ff 48 8b
0x00007ffe5e582bfc:   5c 24 30 48 85 ff 48 8b 6c 24 38 48 8b 74 24 40
0x00007ffe5e582c0c:   0f 95 c0 48 83 c4 20 5f c3 cc cc cc cc cc cc cc
0x00007ffe5e582c1c:   cc cc cc cc 48 89 5c 24 08 48 89 6c 24 10 48 89
0x00007ffe5e582c2c:   74 24 18 57 41 56 41 57 48 83 ec 20 48 8b 59 10
0x00007ffe5e582c3c:   41 8b e9 8b 41 20 45 8b f0 44 8b fa 48 8d 3c c3
0x00007ffe5e582c4c:   48 3b df 73 27 8b 74 24 60 48 8b 0b 48 8b 01 ff
0x00007ffe5e582c5c:   10 41 3b c7 74 31 41 3b c6 74 2c 3b c5 74 28 3b
0x00007ffe5e582c6c:   c6 74 24 48 83 c3 08 48 3b df 72 dd 32 c0 48 8b
0x00007ffe5e582c7c:   5c 24 40 48 8b 6c 24 48 48 8b 74 24 50 48 83 c4
0x00007ffe5e582c8c:   20 41 5f 41 5e 5f c3 b0 01 eb e3 cc cc cc cc cc
0x00007ffe5e582c9c:   cc cc cc cc 48 89 5c 24 08 48 89 74 24 10 57 48
0x00007ffe5e582cac:   83 ec 20 48 8b 41 10 48 8b f9 48 8b 18 48 8b 01
0x00007ffe5e582cbc:   ff 10 44 8b 47 2c 41 8b d0 83 e2 7f 8b f0 80 fa
0x00007ffe5e582ccc:   50 75 28 48 8b 13 48 8b cb ff 12 3b c6 75 0a 48
0x00007ffe5e582cdc:   8b 43 08 48 39 78 08 74 5f 32 c0 48 8b 5c 24 30
0x00007ffe5e582cec:   48 8b 74 24 38 48 83 c4 20 5f c3 41 8b c0 83 e0
0x00007ffe5e582cfc:   3f 3c 30 0f 84 e0 00 00 00 41 8b c0 25 ff 03 00
0x00007ffe5e582d0c:   00 3d 04 03 00 00 0f 84 cd 00 00 00 41 8b c0 83
0x00007ffe5e582d1c:   e0 0f 3c 0c 0f 84 bf 00 00 00 83 fe 18 75 2b 48
0x00007ffe5e582d2c:   8b 03 48 8b cb ff 10 3d 8a 00 00 00 75 ab 48 8b
0x00007ffe5e582d3c:   43 08 48 39 78 08 75 a1 b0 01 48 8b 5c 24 30 48
0x00007ffe5e582d4c:   8b 74 24 38 48 83 c4 20 5f c3 8d 86 ab fe ff ff
0x00007ffe5e582d5c:   83 f8 01 76 54 41 8b c0 83 e0 1f 3c 15 75 16 8b
0x00007ffe5e582d6c:   4b 2c 8b c1 25 ff 01 00 00 3d 48 01 00 00 74 c8
0x00007ffe5e582d7c:   80 f9 c8 74 c3 41 8b c0 25 ff 01 00 00 3d 48 01
0x00007ffe5e582d8c:   00 00 74 0a 41 80 f8 c8 0f 85 4b ff ff ff 8b 43
0x00007ffe5e582d9c:   2c 83 e0 1f 3c 15 0f 94 c0 48 8b 5c 24 30 48 8b
0x00007ffe5e582dac:   74 24 38 48 83 c4 20 5f c3 48 8b 03 48 8b cb ff 


Stack slot to memory mapping:

stack at sp + 0 slots: 0x0000000000000202 is an unknown value
stack at sp + 1 slots: 0x00000058460fd960 is pointing into the stack for thread: 0x000001c119aa1e10
stack at sp + 2 slots: 0x0000005800000000 is an unknown value
stack at sp + 3 slots: 0x00000058460fdba0 is pointing into the stack for thread: 0x000001c119aa1e10
stack at sp + 4 slots: 0x00000058460fd940 is pointing into the stack for thread: 0x000001c119aa1e10
stack at sp + 5 slots: 0x00007ffe5e120376 jvm.dll
stack at sp + 6 slots: 0x00000058460fe650 is pointing into the stack for thread: 0x000001c119aa1e10
stack at sp + 7 slots: 0x000001c121de2a70 points into unknown readable memory: 0x00007ffe5e9514c0 | c0 14 95 5e fe 7f 00 00


---------------  P R O C E S S  ---------------

Threads class SMR info:
_java_thread_list=0x000001c12196c410, length=126, elements={
0x000001c0c0af48e0, 0x000001c0c0a74fb0, 0x000001c0c0a76bd0, 0x000001c0c0a7bcb0,
0x000001c0c0a7cf80, 0x000001c0c0a82950, 0x000001c0c0a85780, 0x000001c0c0a86b30,
0x000001c0c0a8d9a0, 0x000001c119c08ed0, 0x000001c12005cd30, 0x000001c120946090,
0x000001c120cb14d0, 0x000001c120b78ea0, 0x000001c120b798e0, 0x000001c120c3e090,
0x000001c120c3da00, 0x000001c120c40160, 0x000001c120c3d370, 0x000001c12256c040,
0x000001c122566af0, 0x000001c12256a600, 0x000001c12256c6d0, 0x000001c122568bc0,
0x000001c122567180, 0x000001c122569f70, 0x000001c1225698e0, 0x000001c12256ac90,
0x000001c12256b9b0, 0x000001c122569250, 0x000001c122565740, 0x000001c12256b320,
0x000001c122567ea0, 0x000001c122567810, 0x000001c122566460, 0x000001c122568530,
0x000001c1212b7010, 0x000001c1212bd280, 0x000001c1212bb1b0, 0x000001c1212bb840,
0x000001c1212bc560, 0x000001c1212bbed0, 0x000001c1212b8a50, 0x000001c1212bab20,
0x000001c12494c740, 0x000001c12339c0d0, 0x000001c12339c760, 0x000001c12339f550,
0x000001c12494daf0, 0x000001c1249471f0, 0x000001c12494e180, 0x000001c1250d2fe0,
0x000001c1250cb9c0, 0x000001c1250cfb60, 0x000001c1250cee40, 0x000001c1250cc050,
0x000001c1250d0f10, 0x000001c1250cd400, 0x000001c1250cc6e0, 0x000001c124947f10,
0x000001c12494e810, 0x000001c12494cdd0, 0x000001c12494c0b0, 0x000001c12494d460,
0x000001c124949950, 0x000001c12494a670, 0x000001c12494b390, 0x000001c12494ba20,
0x000001c1249485a0, 0x000001c12558c970, 0x000001c12558f0d0, 0x000001c1255911a0,
0x000001c12558a8a0, 0x000001c12558af30, 0x000001c1233a0900, 0x000001c12339d480,
0x000001c12339cdf0, 0x000001c12339ad20, 0x000001c12339db10, 0x000001c12339e830,
0x000001c12339fbe0, 0x000001c1233a1620, 0x000001c120d68990, 0x000001c120d69d40,
0x000001c120d675e0, 0x000001c120d64160, 0x000001c120d62db0, 0x000001c120d67c70,
0x000001c120d66230, 0x000001c120d65510, 0x000001c128b56810, 0x000001c128b56180,
0x000001c128b53390, 0x000001c128b54740, 0x000001c128b53a20, 0x000001c128b54dd0,
0x000001c128b55460, 0x000001c128b55af0, 0x000001c1212b9e00, 0x000001c1212b83c0,
0x000001c1212bcbf0, 0x000001c1212b76a0, 0x000001c1212b9770, 0x000001c1225650b0,
0x000001c122565dd0, 0x000001c120c3e720, 0x000001c120c3fad0, 0x000001c124948c30,
0x000001c12494ad00, 0x000001c1250ce7b0, 0x000001c122dab050, 0x000001c122daf880,
0x000001c122dab6e0, 0x000001c122daeb60, 0x000001c122dabd70, 0x000001c122daf1f0,
0x000001c122db1950, 0x000001c122daca90, 0x000001c122dac400, 0x000001c119aa1e10,
0x000001c119aa3280, 0x000001c119a9f530, 0x000001c119aa2bb0, 0x000001c119aa3950,
0x000001c122dae4d0, 0x000001c122dad120
}

Java Threads: ( => current thread )
  0x000001c0c0af48e0 JavaThread "main"                              [_thread_blocked, id=19180, stack(0x0000005845200000,0x0000005845300000) (1024K)]
  0x000001c0c0a74fb0 JavaThread "Reference Handler"          daemon [_thread_blocked, id=19304, stack(0x0000005845600000,0x0000005845700000) (1024K)]
  0x000001c0c0a76bd0 JavaThread "Finalizer"                  daemon [_thread_blocked, id=15064, stack(0x0000005845700000,0x0000005845800000) (1024K)]
  0x000001c0c0a7bcb0 JavaThread "Signal Dispatcher"          daemon [_thread_blocked, id=10684, stack(0x0000005845800000,0x0000005845900000) (1024K)]
  0x000001c0c0a7cf80 JavaThread "Attach Listener"            daemon [_thread_blocked, id=16676, stack(0x0000005845900000,0x0000005845a00000) (1024K)]
  0x000001c0c0a82950 JavaThread "Service Thread"             daemon [_thread_blocked, id=7520, stack(0x0000005845a00000,0x0000005845b00000) (1024K)]
  0x000001c0c0a85780 JavaThread "Monitor Deflation Thread"   daemon [_thread_blocked, id=16568, stack(0x0000005845b00000,0x0000005845c00000) (1024K)]
  0x000001c0c0a86b30 JavaThread "C2 CompilerThread0"         daemon [_thread_in_native, id=8660, stack(0x0000005845c00000,0x0000005845d00000) (1024K)]
  0x000001c0c0a8d9a0 JavaThread "C1 CompilerThread0"         daemon [_thread_blocked, id=12580, stack(0x0000005845d00000,0x0000005845e00000) (1024K)]
  0x000001c119c08ed0 JavaThread "Common-Cleaner"             daemon [_thread_blocked, id=16252, stack(0x0000005846100000,0x0000005846200000) (1024K)]
  0x000001c12005cd30 JavaThread "Notification Thread"        daemon [_thread_blocked, id=13296, stack(0x0000005846300000,0x0000005846400000) (1024K)]
  0x000001c120946090 JavaThread "Active Thread: Equinox Container: f4539170-2017-4f11-9c86-b5c10b6ad3e5"        [_thread_blocked, id=2596, stack(0x0000005846d00000,0x0000005846e00000) (1024K)]
  0x000001c120cb14d0 JavaThread "Refresh Thread: Equinox Container: f4539170-2017-4f11-9c86-b5c10b6ad3e5" daemon [_thread_blocked, id=3280, stack(0x0000005846f00000,0x0000005847000000) (1024K)]
  0x000001c120b78ea0 JavaThread "Framework Event Dispatcher: Equinox Container: f4539170-2017-4f11-9c86-b5c10b6ad3e5" daemon [_thread_blocked, id=8676, stack(0x0000005847000000,0x0000005847100000) (1024K)]
  0x000001c120b798e0 JavaThread "Start Level: Equinox Container: f4539170-2017-4f11-9c86-b5c10b6ad3e5" daemon [_thread_blocked, id=11024, stack(0x0000005847100000,0x0000005847200000) (1024K)]
  0x000001c120c3e090 JavaThread "Bundle File Closer"         daemon [_thread_blocked, id=10760, stack(0x0000005847500000,0x0000005847600000) (1024K)]
  0x000001c120c3da00 JavaThread "SCR Component Actor"        daemon [_thread_blocked, id=14136, stack(0x0000005847600000,0x0000005847700000) (1024K)]
  0x000001c120c40160 JavaThread "Worker-JM"                         [_thread_blocked, id=12296, stack(0x0000005847700000,0x0000005847800000) (1024K)]
  0x000001c120c3d370 JavaThread "JNA Cleaner"                daemon [_thread_blocked, id=18436, stack(0x0000005847900000,0x0000005847a00000) (1024K)]
  0x000001c12256c040 JavaThread "Java indexing"              daemon [_thread_in_native, id=16548, stack(0x0000005847e00000,0x0000005847f00000) (1024K)]
  0x000001c122566af0 JavaThread "Thread-1"                   daemon [_thread_in_native, id=18376, stack(0x0000005848300000,0x0000005848400000) (1024K)]
  0x000001c12256a600 JavaThread "Thread-2"                   daemon [_thread_in_native, id=15704, stack(0x0000005848400000,0x0000005848500000) (1024K)]
  0x000001c12256c6d0 JavaThread "Thread-3"                   daemon [_thread_in_native, id=8640, stack(0x0000005848500000,0x0000005848600000) (1024K)]
  0x000001c122568bc0 JavaThread "Thread-4"                   daemon [_thread_in_native, id=10932, stack(0x0000005848600000,0x0000005848700000) (1024K)]
  0x000001c122567180 JavaThread "Thread-5"                   daemon [_thread_in_native, id=14744, stack(0x0000005848700000,0x0000005848800000) (1024K)]
  0x000001c122569f70 JavaThread "Thread-6"                   daemon [_thread_in_native, id=15348, stack(0x0000005848800000,0x0000005848900000) (1024K)]
  0x000001c1225698e0 JavaThread "Thread-7"                   daemon [_thread_in_native, id=4056, stack(0x0000005848900000,0x0000005848a00000) (1024K)]
  0x000001c12256ac90 JavaThread "Thread-8"                   daemon [_thread_in_native, id=2900, stack(0x0000005848a00000,0x0000005848b00000) (1024K)]
  0x000001c12256b9b0 JavaThread "Thread-9"                   daemon [_thread_in_native, id=4680, stack(0x0000005848b00000,0x0000005848c00000) (1024K)]
  0x000001c122569250 JavaThread "Thread-10"                  daemon [_thread_in_native, id=18820, stack(0x0000005848c00000,0x0000005848d00000) (1024K)]
  0x000001c122565740 JavaThread "Thread-11"                  daemon [_thread_in_native, id=768, stack(0x0000005848d00000,0x0000005848e00000) (1024K)]
  0x000001c12256b320 JavaThread "Thread-12"                  daemon [_thread_in_native, id=10704, stack(0x0000005848e00000,0x0000005848f00000) (1024K)]
  0x000001c122567ea0 JavaThread "Thread-13"                  daemon [_thread_in_native, id=6296, stack(0x0000005848f00000,0x0000005849000000) (1024K)]
  0x000001c122567810 JavaThread "Thread-14"                  daemon [_thread_in_native, id=17036, stack(0x0000005849000000,0x0000005849100000) (1024K)]
  0x000001c122566460 JavaThread "Thread-15"                  daemon [_thread_in_native, id=10112, stack(0x0000005849100000,0x0000005849200000) (1024K)]
  0x000001c122568530 JavaThread "Thread-16"                  daemon [_thread_in_native, id=16992, stack(0x0000005849200000,0x0000005849300000) (1024K)]
  0x000001c1212b7010 JavaThread "Thread-17"                  daemon [_thread_in_native, id=2656, stack(0x0000005849300000,0x0000005849400000) (1024K)]
  0x000001c1212bd280 JavaThread "Thread-18"                  daemon [_thread_in_native, id=13076, stack(0x0000005849400000,0x0000005849500000) (1024K)]
  0x000001c1212bb1b0 JavaThread "Thread-19"                  daemon [_thread_in_native, id=6096, stack(0x0000005849500000,0x0000005849600000) (1024K)]
  0x000001c1212bb840 JavaThread "Thread-20"                  daemon [_thread_in_native, id=11256, stack(0x0000005849600000,0x0000005849700000) (1024K)]
  0x000001c1212bc560 JavaThread "Thread-21"                  daemon [_thread_in_native, id=16204, stack(0x0000005849700000,0x0000005849800000) (1024K)]
  0x000001c1212bbed0 JavaThread "pool-2-thread-1"                   [_thread_blocked, id=9212, stack(0x0000005849800000,0x0000005849900000) (1024K)]
  0x000001c1212b8a50 JavaThread "WorkspaceEventsHandler"            [_thread_blocked, id=14936, stack(0x0000005849e00000,0x0000005849f00000) (1024K)]
  0x000001c1212bab20 JavaThread "pool-1-thread-1"                   [_thread_blocked, id=11324, stack(0x0000005849f00000,0x000000584a000000) (1024K)]
  0x000001c12494c740 JavaThread "Cleaner-0"                  daemon [_thread_blocked, id=8792, stack(0x0000005846200000,0x0000005846300000) (1024K)]
  0x000001c12339c0d0 JavaThread "Java Debug Server"          daemon [_thread_in_native, id=2940, stack(0x000000584a600000,0x000000584a700000) (1024K)]
  0x000001c12339c760 JavaThread "RxSchedulerPurge-1"         daemon [_thread_blocked, id=15816, stack(0x000000584a900000,0x000000584aa00000) (1024K)]
  0x000001c12339f550 JavaThread "RxCachedWorkerPoolEvictor-1" daemon [_thread_blocked, id=19224, stack(0x000000584aa00000,0x000000584ab00000) (1024K)]
  0x000001c12494daf0 JavaThread "ForkJoinPool.commonPool-worker-54" daemon [_thread_blocked, id=11436, stack(0x0000005846b00000,0x0000005846c00000) (1024K)]
  0x000001c1249471f0 JavaThread "ForkJoinPool.commonPool-worker-56" daemon [_thread_blocked, id=18756, stack(0x0000005847a00000,0x0000005847b00000) (1024K)]
  0x000001c12494e180 JavaThread "ForkJoinPool.commonPool-worker-61" daemon [_thread_blocked, id=11140, stack(0x0000005849d00000,0x0000005849e00000) (1024K)]
  0x000001c1250d2fe0 JavaThread "ForkJoinPool.commonPool-worker-69" daemon [_thread_blocked, id=10184, stack(0x000000584a800000,0x000000584a900000) (1024K)]
  0x000001c1250cb9c0 JavaThread "pool-7-thread-10"                  [_thread_in_native, id=5108, stack(0x0000005845000000,0x0000005845100000) (1024K)]
  0x000001c1250cfb60 JavaThread "RxNewThreadScheduler-25"    daemon [_thread_blocked, id=17504, stack(0x0000005845100000,0x0000005845200000) (1024K)]
  0x000001c1250cee40 JavaThread "process reaper (pid 9852)"  daemon [_thread_in_native, id=20272, stack(0x0000005844bd0000,0x0000005844bf0000) (128K)]
  0x000001c1250cc050 JavaThread "ForkJoinPool.commonPool-worker-70" daemon [_thread_blocked, id=21468, stack(0x0000005845e00000,0x0000005845f00000) (1024K)]
  0x000001c1250d0f10 JavaThread "ForkJoinPool.commonPool-worker-73" daemon [_thread_blocked, id=13804, stack(0x0000005846400000,0x0000005846500000) (1024K)]
  0x000001c1250cd400 JavaThread "ForkJoinPool.commonPool-worker-72" daemon [_thread_blocked, id=20764, stack(0x0000005847b00000,0x0000005847c00000) (1024K)]
  0x000001c1250cc6e0 JavaThread "ForkJoinPool.commonPool-worker-75" daemon [_thread_blocked, id=21192, stack(0x0000005848000000,0x0000005848100000) (1024K)]
  0x000001c124947f10 JavaThread "ForkJoinPool.commonPool-worker-74" daemon [_thread_blocked, id=8280, stack(0x0000005848200000,0x0000005848300000) (1024K)]
  0x000001c12494e810 JavaThread "ForkJoinPool.commonPool-worker-76" daemon [_thread_blocked, id=17296, stack(0x0000005849900000,0x0000005849a00000) (1024K)]
  0x000001c12494cdd0 JavaThread "ForkJoinPool.commonPool-worker-77" daemon [_thread_blocked, id=18004, stack(0x0000005849a00000,0x0000005849b00000) (1024K)]
  0x000001c12494c0b0 JavaThread "Worker-39"                         [_thread_blocked, id=17644, stack(0x0000005849b00000,0x0000005849c00000) (1024K)]
  0x000001c12494d460 JavaThread "ForkJoinPool.commonPool-worker-80" daemon [_thread_blocked, id=20736, stack(0x0000005849c00000,0x0000005849d00000) (1024K)]
  0x000001c124949950 JavaThread "ForkJoinPool.commonPool-worker-79" daemon [_thread_blocked, id=20844, stack(0x000000584a000000,0x000000584a100000) (1024K)]
  0x000001c12494a670 JavaThread "ForkJoinPool.commonPool-worker-81" daemon [_thread_blocked, id=20028, stack(0x000000584a100000,0x000000584a200000) (1024K)]
  0x000001c12494b390 JavaThread "ForkJoinPool.commonPool-worker-82" daemon [_thread_blocked, id=1412, stack(0x000000584a200000,0x000000584a300000) (1024K)]
  0x000001c12494ba20 JavaThread "ForkJoinPool.commonPool-worker-83" daemon [_thread_blocked, id=20772, stack(0x000000584a400000,0x000000584a500000) (1024K)]
  0x000001c1249485a0 JavaThread "Worker-40: Send Classpath Notifications"        [_thread_blocked, id=20672, stack(0x0000005845f00000,0x0000005846000000) (1024K)]
  0x000001c12558c970 JavaThread "LocalFile Deleter"          daemon [_thread_blocked, id=19824, stack(0x000000584ac00000,0x000000584ad00000) (1024K)]
  0x000001c12558f0d0 JavaThread "LocalFile Deleter"          daemon [_thread_blocked, id=10620, stack(0x000000584ad00000,0x000000584ae00000) (1024K)]
  0x000001c1255911a0 JavaThread "LocalFile Deleter"          daemon [_thread_blocked, id=20700, stack(0x000000584af00000,0x000000584b000000) (1024K)]
  0x000001c12558a8a0 JavaThread "LocalFile Deleter"          daemon [_thread_blocked, id=20776, stack(0x000000584b100000,0x000000584b200000) (1024K)]
  0x000001c12558af30 JavaThread "LocalFile Deleter"          daemon [_thread_blocked, id=4788, stack(0x000000584b200000,0x000000584b300000) (1024K)]
  0x000001c1233a0900 JavaThread "LocalFile Deleter"          daemon [_thread_blocked, id=14984, stack(0x000000584b300000,0x000000584b400000) (1024K)]
  0x000001c12339d480 JavaThread "LocalFile Deleter"          daemon [_thread_blocked, id=20716, stack(0x000000584b400000,0x000000584b500000) (1024K)]
  0x000001c12339cdf0 JavaThread "LocalFile Deleter"          daemon [_thread_blocked, id=11560, stack(0x000000584b600000,0x000000584b700000) (1024K)]
  0x000001c12339ad20 JavaThread "LocalFile Deleter"          daemon [_thread_blocked, id=16220, stack(0x000000584b700000,0x000000584b800000) (1024K)]
  0x000001c12339db10 JavaThread "LocalFile Deleter"          daemon [_thread_blocked, id=21064, stack(0x000000584b800000,0x000000584b900000) (1024K)]
  0x000001c12339e830 JavaThread "LocalFile Deleter"          daemon [_thread_blocked, id=14344, stack(0x000000584b900000,0x000000584ba00000) (1024K)]
  0x000001c12339fbe0 JavaThread "LocalFile Deleter"          daemon [_thread_blocked, id=18896, stack(0x000000584ba00000,0x000000584bb00000) (1024K)]
  0x000001c1233a1620 JavaThread "LocalFile Deleter"          daemon [_thread_blocked, id=21092, stack(0x000000584bb00000,0x000000584bc00000) (1024K)]
  0x000001c120d68990 JavaThread "LocalFile Deleter"          daemon [_thread_blocked, id=21056, stack(0x000000584bc00000,0x000000584bd00000) (1024K)]
  0x000001c120d69d40 JavaThread "LocalFile Deleter"          daemon [_thread_blocked, id=12644, stack(0x000000584bd00000,0x000000584be00000) (1024K)]
  0x000001c120d675e0 JavaThread "LocalFile Deleter"          daemon [_thread_blocked, id=13716, stack(0x000000584be00000,0x000000584bf00000) (1024K)]
  0x000001c120d64160 JavaThread "Compiler Source File Reader" daemon [_thread_blocked, id=10300, stack(0x000000584bf00000,0x000000584c000000) (1024K)]
  0x000001c120d62db0 JavaThread "Compiler Source File Reader" daemon [_thread_blocked, id=16672, stack(0x000000584c000000,0x000000584c100000) (1024K)]
  0x000001c120d67c70 JavaThread "Compiler Source File Reader" daemon [_thread_blocked, id=20828, stack(0x000000584c100000,0x000000584c200000) (1024K)]
  0x000001c120d66230 JavaThread "Compiler Source File Reader" daemon [_thread_blocked, id=20848, stack(0x000000584c200000,0x000000584c300000) (1024K)]
  0x000001c120d65510 JavaThread "Compiler Source File Reader" daemon [_thread_blocked, id=15340, stack(0x000000584c300000,0x000000584c400000) (1024K)]
  0x000001c128b56810 JavaThread "Compiler Source File Reader" daemon [_thread_blocked, id=21200, stack(0x000000584c400000,0x000000584c500000) (1024K)]
  0x000001c128b56180 JavaThread "Compiler Source File Reader" daemon [_thread_blocked, id=19208, stack(0x000000584c500000,0x000000584c600000) (1024K)]
  0x000001c128b53390 JavaThread "Compiler Source File Reader" daemon [_thread_blocked, id=20988, stack(0x000000584c600000,0x000000584c700000) (1024K)]
  0x000001c128b54740 JavaThread "Compiler Source File Reader" daemon [_thread_blocked, id=7540, stack(0x000000584c700000,0x000000584c800000) (1024K)]
  0x000001c128b53a20 JavaThread "Compiler Source File Reader" daemon [_thread_blocked, id=20692, stack(0x000000584c800000,0x000000584c900000) (1024K)]
  0x000001c128b54dd0 JavaThread "Compiler Source File Reader" daemon [_thread_blocked, id=14180, stack(0x000000584c900000,0x000000584ca00000) (1024K)]
  0x000001c128b55460 JavaThread "Compiler Source File Reader" daemon [_thread_blocked, id=5440, stack(0x000000584ca00000,0x000000584cb00000) (1024K)]
  0x000001c128b55af0 JavaThread "Compiler Source File Reader" daemon [_thread_blocked, id=5188, stack(0x000000584cb00000,0x000000584cc00000) (1024K)]
  0x000001c1212b9e00 JavaThread "Compiler Source File Reader" daemon [_thread_blocked, id=15324, stack(0x000000584cc00000,0x000000584cd00000) (1024K)]
  0x000001c1212b83c0 JavaThread "Compiler Source File Reader" daemon [_thread_blocked, id=20180, stack(0x000000584cd00000,0x000000584ce00000) (1024K)]
  0x000001c1212bcbf0 JavaThread "Compiler Class File Writer" daemon [_thread_blocked, id=5024, stack(0x000000584d000000,0x000000584d100000) (1024K)]
  0x000001c1212b76a0 JavaThread "Compiler Class File Writer" daemon [_thread_blocked, id=6052, stack(0x000000584d100000,0x000000584d200000) (1024K)]
  0x000001c1212b9770 JavaThread "Compiler Class File Writer" daemon [_thread_blocked, id=18260, stack(0x000000584d200000,0x000000584d300000) (1024K)]
  0x000001c1225650b0 JavaThread "Compiler Class File Writer" daemon [_thread_blocked, id=4692, stack(0x000000584d300000,0x000000584d400000) (1024K)]
  0x000001c122565dd0 JavaThread "Compiler Class File Writer" daemon [_thread_blocked, id=13072, stack(0x000000584d400000,0x000000584d500000) (1024K)]
  0x000001c120c3e720 JavaThread "Compiler Class File Writer" daemon [_thread_blocked, id=20780, stack(0x000000584d500000,0x000000584d600000) (1024K)]
  0x000001c120c3fad0 JavaThread "Compiler Class File Writer" daemon [_thread_blocked, id=20872, stack(0x000000584d600000,0x000000584d700000) (1024K)]
  0x000001c124948c30 JavaThread "Compiler Class File Writer" daemon [_thread_blocked, id=20896, stack(0x000000584d700000,0x000000584d800000) (1024K)]
  0x000001c12494ad00 JavaThread "Compiler Class File Writer" daemon [_thread_blocked, id=21120, stack(0x000000584d800000,0x000000584d900000) (1024K)]
  0x000001c1250ce7b0 JavaThread "Compiler Class File Writer" daemon [_thread_blocked, id=21400, stack(0x000000584d900000,0x000000584da00000) (1024K)]
  0x000001c122dab050 JavaThread "Compiler Class File Writer" daemon [_thread_blocked, id=21124, stack(0x000000584da00000,0x000000584db00000) (1024K)]
  0x000001c122daf880 JavaThread "Compiler Class File Writer" daemon [_thread_blocked, id=20516, stack(0x000000584db00000,0x000000584dc00000) (1024K)]
  0x000001c122dab6e0 JavaThread "Compiler Class File Writer" daemon [_thread_blocked, id=18668, stack(0x000000584dc00000,0x000000584dd00000) (1024K)]
  0x000001c122daeb60 JavaThread "Compiler Class File Writer" daemon [_thread_blocked, id=14724, stack(0x000000584dd00000,0x000000584de00000) (1024K)]
  0x000001c122dabd70 JavaThread "Compiler Class File Writer" daemon [_thread_blocked, id=4544, stack(0x000000584de00000,0x000000584df00000) (1024K)]
  0x000001c122daf1f0 JavaThread "Compiler Class File Writer" daemon [_thread_blocked, id=16572, stack(0x000000584df00000,0x000000584e000000) (1024K)]
  0x000001c122db1950 JavaThread "Compiler Class File Writer" daemon [_thread_blocked, id=2668, stack(0x000000584e000000,0x000000584e100000) (1024K)]
  0x000001c122daca90 JavaThread "Compiler Class File Writer" daemon [_thread_blocked, id=18580, stack(0x000000584e100000,0x000000584e200000) (1024K)]
  0x000001c122dac400 JavaThread "Worker-44: Java indexing... "        [_thread_blocked, id=6608, stack(0x0000005844f00000,0x0000005845000000) (1024K)]
=>0x000001c119aa1e10 JavaThread "C2 CompilerThread1"         daemon [_thread_in_native, id=20072, stack(0x0000005846000000,0x0000005846100000) (1024K)]
  0x000001c119aa3280 JavaThread "C2 CompilerThread2"         daemon [_thread_in_native, id=4620, stack(0x0000005847f00000,0x0000005848000000) (1024K)]
  0x000001c119a9f530 JavaThread "C1 CompilerThread1"         daemon [_thread_blocked, id=15696, stack(0x000000584b000000,0x000000584b100000) (1024K)]
  0x000001c119aa2bb0 JavaThread "C2 CompilerThread3"         daemon [_thread_in_native, id=21404, stack(0x0000005848100000,0x0000005848200000) (1024K)]
  0x000001c119aa3950 JavaThread "C2 CompilerThread4"         daemon [_thread_in_native, id=3824, stack(0x000000584a300000,0x000000584a400000) (1024K)]
  0x000001c122dae4d0 JavaThread "Worker-45: Send Classpath Notifications"        [_thread_blocked, id=20864, stack(0x000000584a500000,0x000000584a600000) (1024K)]
  0x000001c122dad120 JavaThread "Worker-46"                         [_thread_blocked, id=16632, stack(0x000000584a700000,0x000000584a800000) (1024K)]
Total: 126

Other Threads:
  0x000001c0c0a74050 VMThread "VM Thread"                           [id=7492, stack(0x0000005845500000,0x0000005845600000) (1024K)]
  0x000001c0c096ca00 WatcherThread "VM Periodic Task Thread"        [id=12084, stack(0x0000005845400000,0x0000005845500000) (1024K)]
  0x000001c0c0b04620 WorkerThread "GC Thread#0"                     [id=18616, stack(0x0000005845300000,0x0000005845400000) (1024K)]
  0x000001c12088c710 WorkerThread "GC Thread#1"                     [id=7680, stack(0x0000005846500000,0x0000005846600000) (1024K)]
  0x000001c12088cac0 WorkerThread "GC Thread#2"                     [id=15372, stack(0x0000005846600000,0x0000005846700000) (1024K)]
  0x000001c12088ce70 WorkerThread "GC Thread#3"                     [id=12704, stack(0x0000005846700000,0x0000005846800000) (1024K)]
  0x000001c120511050 WorkerThread "GC Thread#4"                     [id=9788, stack(0x0000005846800000,0x0000005846900000) (1024K)]
  0x000001c120511400 WorkerThread "GC Thread#5"                     [id=8268, stack(0x0000005846900000,0x0000005846a00000) (1024K)]
  0x000001c1205117b0 WorkerThread "GC Thread#6"                     [id=13632, stack(0x0000005846a00000,0x0000005846b00000) (1024K)]
  0x000001c1207b8050 WorkerThread "GC Thread#7"                     [id=16852, stack(0x0000005846e00000,0x0000005846f00000) (1024K)]
  0x000001c120c67310 WorkerThread "GC Thread#8"                     [id=8156, stack(0x0000005847200000,0x0000005847300000) (1024K)]
  0x000001c120c676c0 WorkerThread "GC Thread#9"                     [id=12308, stack(0x0000005847300000,0x0000005847400000) (1024K)]
  0x000001c120c67a70 WorkerThread "GC Thread#10"                    [id=460, stack(0x0000005847400000,0x0000005847500000) (1024K)]
  0x000001c120989120 WorkerThread "GC Thread#11"                    [id=13676, stack(0x0000005846c00000,0x0000005846d00000) (1024K)]
  0x000001c120628f90 WorkerThread "GC Thread#12"                    [id=18196, stack(0x0000005847800000,0x0000005847900000) (1024K)]
  0x000001c121950310 WorkerThread "GC Thread#13"                    [id=1648, stack(0x0000005847c00000,0x0000005847d00000) (1024K)]
  0x000001c121951ce0 WorkerThread "GC Thread#14"                    [id=14292, stack(0x0000005847d00000,0x0000005847e00000) (1024K)]
Total: 17

Threads with active compile tasks:
C2 CompilerThread0  6934859 20795       4       com.google.gson.stream.JsonWriter::value (40 bytes)
C2 CompilerThread1  6934859 20769   !   4       org.eclipse.jdt.internal.core.search.indexing.BinaryIndexer::indexDocument (1172 bytes)
C2 CompilerThread2  6934859 20778   !   4       org.eclipse.jdt.internal.core.search.indexing.BinaryIndexer::toUri (51 bytes)
C2 CompilerThread3  6934859 20765   !   4       org.eclipse.jdt.internal.core.JarPackageFragmentRoot::computeChildren (606 bytes)
C2 CompilerThread4  6934859 20779   !   4       org.eclipse.jdt.internal.core.JavaProjectElementInfo::newNameLookup (405 bytes)
Total: 5

VM state: not at safepoint (normal execution)

VM Mutex/Monitor currently owned by a thread: None

Heap address: 0x0000000080000000, size: 2048 MB, Compressed Oops mode: 32-bit

CDS archive(s) mapped at: [0x000001c0d8000000-0x000001c0d8ba0000-0x000001c0d8ba0000), size 12189696, SharedBaseAddress: 0x000001c0d8000000, ArchiveRelocationMode: 1.
Compressed class space mapped at: 0x000001c0d9000000-0x000001c119000000, reserved size: 1073741824
Narrow klass base: 0x000001c0d8000000, Narrow klass shift: 0, Narrow klass range: 0x100000000

GC Precious Log:
 CardTable entry size: 512
 CPUs: 20 total, 20 available
 Memory: 16125M
 Large Page Support: Disabled
 NUMA Support: Disabled
 Compressed Oops: Enabled (32-bit)
 Alignments: Space 512K, Generation 512K, Heap 2M
 Heap Min Capacity: 100M
 Heap Initial Capacity: 100M
 Heap Max Capacity: 2G
 Pre-touch: Disabled
 Parallel Workers: 15

Heap:
 PSYoungGen      total 23040K, used 7445K [0x00000000d5580000, 0x00000000d7100000, 0x0000000100000000)
  eden space 21504K, 27% used [0x00000000d5580000,0x00000000d5b49d50,0x00000000d6a80000)
  from space 1536K, 98% used [0x00000000d6d80000,0x00000000d6efb900,0x00000000d6f00000)
  to   space 3072K, 0% used [0x00000000d6a80000,0x00000000d6a80000,0x00000000d6d80000)
 ParOldGen       total 864768K, used 864405K [0x0000000080000000, 0x00000000b4c80000, 0x00000000d5580000)
  object space 864768K, 99% used [0x0000000080000000,0x00000000b4c25498,0x00000000b4c80000)
 Metaspace       used 88856K, committed 90560K, reserved 1179648K
  class space    used 9166K, committed 9920K, reserved 1048576K

Card table byte_map: [0x000001c0c0480000,0x000001c0c0890000] _byte_map_base: 0x000001c0c0080000

Marking Bits: (ParMarkBitMap*) 0x00007ffe5eb93450
 Begin Bits: [0x000001c0d2f90000, 0x000001c0d4f90000)
 End Bits:   [0x000001c0d4f90000, 0x000001c0d6f90000)

Polling page: 0x000001c0be870000

Metaspace:

Usage:
  Non-class:     77.82 MB used.
      Class:      8.95 MB used.
       Both:     86.77 MB used.

Virtual space:
  Non-class space:      128.00 MB reserved,      78.75 MB ( 62%) committed,  2 nodes.
      Class space:        1.00 GB reserved,       9.69 MB ( <1%) committed,  1 nodes.
             Both:        1.12 GB reserved,      88.44 MB (  8%) committed. 

Chunk freelists:
   Non-Class:  992.00 KB
       Class:  6.23 MB
        Both:  7.20 MB

MaxMetaspaceSize: unlimited
CompressedClassSpaceSize: 1.00 GB
Initial GC threshold: 21.00 MB
Current GC threshold: 130.00 MB
CDS: on
 - commit_granule_bytes: 65536.
 - commit_granule_words: 8192.
 - virtual_space_node_default_size: 8388608.
 - enlarge_chunks_in_place: 1.
 - use_allocation_guard: 0.


Internal statistics:

num_allocs_failed_limit: 11.
num_arena_births: 1822.
num_arena_deaths: 516.
num_vsnodes_births: 3.
num_vsnodes_deaths: 0.
num_space_committed: 1415.
num_space_uncommitted: 0.
num_chunks_returned_to_freelist: 650.
num_chunks_taken_from_freelist: 6305.
num_chunk_merges: 198.
num_chunk_splits: 3615.
num_chunks_enlarged: 1956.
num_inconsistent_stats: 0.

CodeHeap 'non-profiled nmethods': size=119168Kb used=20493Kb max_used=20493Kb free=98674Kb
 bounds [0x000001c0cb880000, 0x000001c0ccc90000, 0x000001c0d2ce0000]
CodeHeap 'profiled nmethods': size=119104Kb used=48298Kb max_used=48298Kb free=70805Kb
 bounds [0x000001c0c3ce0000, 0x000001c0c6c10000, 0x000001c0cb130000]
CodeHeap 'non-nmethods': size=7488Kb used=2120Kb max_used=3301Kb free=5368Kb
 bounds [0x000001c0cb130000, 0x000001c0cb470000, 0x000001c0cb880000]
CodeCache: size=245760Kb, used=70911Kb, max_used=72092Kb, free=174847Kb
 total_blobs=19839, nmethods=18976, adapters=762, full_count=0
Compilation: enabled, stopped_count=0, restarted_count=0

Compilation events (20 events):
Event: 6934.805 Thread 0x000001c119a9f530 20783       3       org.springframework.tooling.jdt.ls.commons.classpath.ClasspathListenerManager$1::run (42 bytes)
Event: 6934.806 Thread 0x000001c119a9f530 nmethod 20783 0x000001c0c6c05b10 code [0x000001c0c6c05d00, 0x000001c0c6c06250]
Event: 6934.806 Thread 0x000001c119a9f530 20785       3       com.sun.org.apache.xerces.internal.impl.XMLEntityManager::setScannerVersion (115 bytes)
Event: 6934.807 Thread 0x000001c119a9f530 nmethod 20785 0x000001c0c6c06410 code [0x000001c0c6c06620, 0x000001c0c6c06bf8]
Event: 6934.807 Thread 0x000001c0c0a8d9a0 20786       3       com.sun.org.apache.xerces.internal.utils.XMLSecurityManager$Limit::is (35 bytes)
Event: 6934.807 Thread 0x000001c119a9f530 20787       3       org.eclipse.ant.internal.core.contentDescriber.AntHandler::startElement (193 bytes)
Event: 6934.807 Thread 0x000001c0c0a8d9a0 nmethod 20786 0x000001c0c6c06e90 code [0x000001c0c6c07060, 0x000001c0c6c07298]
Event: 6934.807 Thread 0x000001c0c0a8d9a0 20788       3       org.eclipse.ant.internal.core.contentDescriber.AntHandler::endElement (18 bytes)
Event: 6934.807 Thread 0x000001c0c0a8d9a0 nmethod 20788 0x000001c0c6c07390 code [0x000001c0c6c07540, 0x000001c0c6c076b0]
Event: 6934.807 Thread 0x000001c0c0a8d9a0 20789       1       org.eclipse.osgi.internal.serviceregistry.ServiceRegistrationImpl::getServiceObject (5 bytes)
Event: 6934.807 Thread 0x000001c0c0a8d9a0 nmethod 20789 0x000001c0ccc7c190 code [0x000001c0ccc7c320, 0x000001c0ccc7c3e8]
Event: 6934.807 Thread 0x000001c0c0a8d9a0 20790   !   3       com.sun.org.apache.xerces.internal.utils.XMLSecurityPropertyManager::getSystemProperty (68 bytes)
Event: 6934.807 Thread 0x000001c119a9f530 nmethod 20787 0x000001c0c6c07790 code [0x000001c0c6c07a60, 0x000001c0c6c08568]
Event: 6934.808 Thread 0x000001c119a9f530 20793       1       com.sun.org.apache.xerces.internal.impl.dtd.XMLDTDValidator::setDocumentSource (6 bytes)
Event: 6934.808 Thread 0x000001c0c0a8d9a0 nmethod 20790 0x000001c0c6c08910 code [0x000001c0c6c08be0, 0x000001c0c6c09d10]
Event: 6934.808 Thread 0x000001c0c0a8d9a0 20794       1       com.sun.org.apache.xerces.internal.impl.dtd.XMLDTDValidator::setDocumentHandler (6 bytes)
Event: 6934.808 Thread 0x000001c119a9f530 nmethod 20793 0x000001c0ccc7c490 code [0x000001c0ccc7c620, 0x000001c0ccc7c700]
Event: 6934.808 Thread 0x000001c0c0a8d9a0 nmethod 20794 0x000001c0ccc7c790 code [0x000001c0ccc7c920, 0x000001c0ccc7ca00]
Event: 6934.809 Thread 0x000001c0c0a8d9a0 20797       3       org.eclipse.core.internal.content.ContentType::getContentType (2 bytes)
Event: 6934.809 Thread 0x000001c0c0a8d9a0 nmethod 20797 0x000001c0c6c0a610 code [0x000001c0c6c0a7a0, 0x000001c0c6c0a8b0]

GC Heap History (20 events):
Event: 6934.676 GC heap before
{Heap before GC invocations=1055 (full 4):
 PSYoungGen      total 23040K, used 23021K [0x00000000d5580000, 0x00000000d7100000, 0x0000000100000000)
  eden space 22016K, 100% used [0x00000000d5580000,0x00000000d6b00000,0x00000000d6b00000)
  from space 1024K, 98% used [0x00000000d7000000,0x00000000d70fb4e0,0x00000000d7100000)
  to   space 2048K, 0% used [0x00000000d6d00000,0x00000000d6d00000,0x00000000d6f00000)
 ParOldGen       total 854016K, used 853841K [0x0000000080000000, 0x00000000b4200000, 0x00000000d5580000)
  object space 854016K, 99% used [0x0000000080000000,0x00000000b41d4760,0x00000000b4200000)
 Metaspace       used 88848K, committed 90560K, reserved 1179648K
  class space    used 9166K, committed 9920K, reserved 1048576K
}
Event: 6934.677 GC heap after
{Heap after GC invocations=1055 (full 4):
 PSYoungGen      total 23552K, used 1425K [0x00000000d5580000, 0x00000000d7080000, 0x0000000100000000)
  eden space 22016K, 0% used [0x00000000d5580000,0x00000000d5580000,0x00000000d6b00000)
  from space 1536K, 92% used [0x00000000d6d00000,0x00000000d6e64530,0x00000000d6e80000)
  to   space 2048K, 0% used [0x00000000d6e80000,0x00000000d6e80000,0x00000000d7080000)
 ParOldGen       total 855040K, used 854829K [0x0000000080000000, 0x00000000b4300000, 0x00000000d5580000)
  object space 855040K, 99% used [0x0000000080000000,0x00000000b42cb768,0x00000000b4300000)
 Metaspace       used 88848K, committed 90560K, reserved 1179648K
  class space    used 9166K, committed 9920K, reserved 1048576K
}
Event: 6934.689 GC heap before
{Heap before GC invocations=1056 (full 4):
 PSYoungGen      total 23552K, used 23441K [0x00000000d5580000, 0x00000000d7080000, 0x0000000100000000)
  eden space 22016K, 100% used [0x00000000d5580000,0x00000000d6b00000,0x00000000d6b00000)
  from space 1536K, 92% used [0x00000000d6d00000,0x00000000d6e64530,0x00000000d6e80000)
  to   space 2048K, 0% used [0x00000000d6e80000,0x00000000d6e80000,0x00000000d7080000)
 ParOldGen       total 855040K, used 854829K [0x0000000080000000, 0x00000000b4300000, 0x00000000d5580000)
  object space 855040K, 99% used [0x0000000080000000,0x00000000b42cb768,0x00000000b4300000)
 Metaspace       used 88848K, committed 90560K, reserved 1179648K
  class space    used 9166K, committed 9920K, reserved 1048576K
}
Event: 6934.690 GC heap after
{Heap after GC invocations=1056 (full 4):
 PSYoungGen      total 23552K, used 1106K [0x00000000d5580000, 0x00000000d7000000, 0x0000000100000000)
  eden space 22016K, 0% used [0x00000000d5580000,0x00000000d5580000,0x00000000d6b00000)
  from space 1536K, 72% used [0x00000000d6e80000,0x00000000d6f94940,0x00000000d7000000)
  to   space 1536K, 0% used [0x00000000d6d00000,0x00000000d6d00000,0x00000000d6e80000)
 ParOldGen       total 856064K, used 855694K [0x0000000080000000, 0x00000000b4400000, 0x00000000d5580000)
  object space 856064K, 99% used [0x0000000080000000,0x00000000b43a3b78,0x00000000b4400000)
 Metaspace       used 88848K, committed 90560K, reserved 1179648K
  class space    used 9166K, committed 9920K, reserved 1048576K
}
Event: 6934.701 GC heap before
{Heap before GC invocations=1057 (full 4):
 PSYoungGen      total 23552K, used 23122K [0x00000000d5580000, 0x00000000d7000000, 0x0000000100000000)
  eden space 22016K, 100% used [0x00000000d5580000,0x00000000d6b00000,0x00000000d6b00000)
  from space 1536K, 72% used [0x00000000d6e80000,0x00000000d6f94940,0x00000000d7000000)
  to   space 1536K, 0% used [0x00000000d6d00000,0x00000000d6d00000,0x00000000d6e80000)
 ParOldGen       total 856064K, used 855694K [0x0000000080000000, 0x00000000b4400000, 0x00000000d5580000)
  object space 856064K, 99% used [0x0000000080000000,0x00000000b43a3b78,0x00000000b4400000)
 Metaspace       used 88848K, committed 90560K, reserved 1179648K
  class space    used 9166K, committed 9920K, reserved 1048576K
}
Event: 6934.702 GC heap after
{Heap after GC invocations=1057 (full 4):
 PSYoungGen      total 23552K, used 1176K [0x00000000d5580000, 0x00000000d6f00000, 0x0000000100000000)
  eden space 22016K, 0% used [0x00000000d5580000,0x00000000d5580000,0x00000000d6b00000)
  from space 1536K, 76% used [0x00000000d6d00000,0x00000000d6e26008,0x00000000d6e80000)
  to   space 512K, 0% used [0x00000000d6e80000,0x00000000d6e80000,0x00000000d6f00000)
 ParOldGen       total 856576K, used 856462K [0x0000000080000000, 0x00000000b4480000, 0x00000000d5580000)
  object space 856576K, 99% used [0x0000000080000000,0x00000000b4463b78,0x00000000b4480000)
 Metaspace       used 88848K, committed 90560K, reserved 1179648K
  class space    used 9166K, committed 9920K, reserved 1048576K
}
Event: 6934.713 GC heap before
{Heap before GC invocations=1058 (full 4):
 PSYoungGen      total 23552K, used 23192K [0x00000000d5580000, 0x00000000d6f00000, 0x0000000100000000)
  eden space 22016K, 100% used [0x00000000d5580000,0x00000000d6b00000,0x00000000d6b00000)
  from space 1536K, 76% used [0x00000000d6d00000,0x00000000d6e26008,0x00000000d6e80000)
  to   space 512K, 0% used [0x00000000d6e80000,0x00000000d6e80000,0x00000000d6f00000)
 ParOldGen       total 856576K, used 856462K [0x0000000080000000, 0x00000000b4480000, 0x00000000d5580000)
  object space 856576K, 99% used [0x0000000080000000,0x00000000b4463b78,0x00000000b4480000)
 Metaspace       used 88848K, committed 90560K, reserved 1179648K
  class space    used 9166K, committed 9920K, reserved 1048576K
}
Event: 6934.715 GC heap after
{Heap after GC invocations=1058 (full 4):
 PSYoungGen      total 22528K, used 512K [0x00000000d5580000, 0x00000000d7000000, 0x0000000100000000)
  eden space 22016K, 0% used [0x00000000d5580000,0x00000000d5580000,0x00000000d6b00000)
  from space 512K, 100% used [0x00000000d6e80000,0x00000000d6f00000,0x00000000d6f00000)
  to   space 2560K, 0% used [0x00000000d6b00000,0x00000000d6b00000,0x00000000d6d80000)
 ParOldGen       total 858112K, used 857947K [0x0000000080000000, 0x00000000b4600000, 0x00000000d5580000)
  object space 858112K, 99% used [0x0000000080000000,0x00000000b45d6d90,0x00000000b4600000)
 Metaspace       used 88848K, committed 90560K, reserved 1179648K
  class space    used 9166K, committed 9920K, reserved 1048576K
}
Event: 6934.726 GC heap before
{Heap before GC invocations=1059 (full 4):
 PSYoungGen      total 22528K, used 22528K [0x00000000d5580000, 0x00000000d7000000, 0x0000000100000000)
  eden space 22016K, 100% used [0x00000000d5580000,0x00000000d6b00000,0x00000000d6b00000)
  from space 512K, 100% used [0x00000000d6e80000,0x00000000d6f00000,0x00000000d6f00000)
  to   space 2560K, 0% used [0x00000000d6b00000,0x00000000d6b00000,0x00000000d6d80000)
 ParOldGen       total 858112K, used 857947K [0x0000000080000000, 0x00000000b4600000, 0x00000000d5580000)
  object space 858112K, 99% used [0x0000000080000000,0x00000000b45d6d90,0x00000000b4600000)
 Metaspace       used 88848K, committed 90560K, reserved 1179648K
  class space    used 9166K, committed 9920K, reserved 1048576K
}
Event: 6934.727 GC heap after
{Heap after GC invocations=1059 (full 4):
 PSYoungGen      total 24576K, used 1251K [0x00000000d5580000, 0x00000000d6f00000, 0x0000000100000000)
  eden space 22016K, 0% used [0x00000000d5580000,0x00000000d5580000,0x00000000d6b00000)
  from space 2560K, 48% used [0x00000000d6b00000,0x00000000d6c38c98,0x00000000d6d80000)
  to   space 1536K, 0% used [0x00000000d6d80000,0x00000000d6d80000,0x00000000d6f00000)
 ParOldGen       total 858624K, used 858443K [0x0000000080000000, 0x00000000b4680000, 0x00000000d5580000)
  object space 858624K, 99% used [0x0000000080000000,0x00000000b4652d90,0x00000000b4680000)
 Metaspace       used 88848K, committed 90560K, reserved 1179648K
  class space    used 9166K, committed 9920K, reserved 1048576K
}
Event: 6934.741 GC heap before
{Heap before GC invocations=1060 (full 4):
 PSYoungGen      total 24576K, used 23267K [0x00000000d5580000, 0x00000000d6f00000, 0x0000000100000000)
  eden space 22016K, 100% used [0x00000000d5580000,0x00000000d6b00000,0x00000000d6b00000)
  from space 2560K, 48% used [0x00000000d6b00000,0x00000000d6c38c98,0x00000000d6d80000)
  to   space 1536K, 0% used [0x00000000d6d80000,0x00000000d6d80000,0x00000000d6f00000)
 ParOldGen       total 858624K, used 858443K [0x0000000080000000, 0x00000000b4680000, 0x00000000d5580000)
  object space 858624K, 99% used [0x0000000080000000,0x00000000b4652d90,0x00000000b4680000)
 Metaspace       used 88848K, committed 90560K, reserved 1179648K
  class space    used 9166K, committed 9920K, reserved 1048576K
}
Event: 6934.742 GC heap after
{Heap after GC invocations=1060 (full 4):
 PSYoungGen      total 23552K, used 1214K [0x00000000d5580000, 0x00000000d6f00000, 0x0000000100000000)
  eden space 22016K, 0% used [0x00000000d5580000,0x00000000d5580000,0x00000000d6b00000)
  from space 1536K, 79% used [0x00000000d6d80000,0x00000000d6eafb10,0x00000000d6f00000)
  to   space 1536K, 0% used [0x00000000d6c00000,0x00000000d6c00000,0x00000000d6d80000)
 ParOldGen       total 859648K, used 859272K [0x0000000080000000, 0x00000000b4780000, 0x00000000d5580000)
  object space 859648K, 99% used [0x0000000080000000,0x00000000b47223a0,0x00000000b4780000)
 Metaspace       used 88848K, committed 90560K, reserved 1179648K
  class space    used 9166K, committed 9920K, reserved 1048576K
}
Event: 6934.753 GC heap before
{Heap before GC invocations=1061 (full 4):
 PSYoungGen      total 23552K, used 23230K [0x00000000d5580000, 0x00000000d6f00000, 0x0000000100000000)
  eden space 22016K, 100% used [0x00000000d5580000,0x00000000d6b00000,0x00000000d6b00000)
  from space 1536K, 79% used [0x00000000d6d80000,0x00000000d6eafb10,0x00000000d6f00000)
  to   space 1536K, 0% used [0x00000000d6c00000,0x00000000d6c00000,0x00000000d6d80000)
 ParOldGen       total 859648K, used 859272K [0x0000000080000000, 0x00000000b4780000, 0x00000000d5580000)
  object space 859648K, 99% used [0x0000000080000000,0x00000000b47223a0,0x00000000b4780000)
 Metaspace       used 88848K, committed 90560K, reserved 1179648K
  class space    used 9166K, committed 9920K, reserved 1048576K
}
Event: 6934.754 GC heap after
{Heap after GC invocations=1061 (full 4):
 PSYoungGen      total 23552K, used 1512K [0x00000000d5580000, 0x00000000d7200000, 0x0000000100000000)
  eden space 22016K, 0% used [0x00000000d5580000,0x00000000d5580000,0x00000000d6b00000)
  from space 1536K, 98% used [0x00000000d6c00000,0x00000000d6d7a108,0x00000000d6d80000)
  to   space 3584K, 0% used [0x00000000d6e80000,0x00000000d6e80000,0x00000000d7200000)
 ParOldGen       total 861184K, used 860820K [0x0000000080000000, 0x00000000b4900000, 0x00000000d5580000)
  object space 861184K, 99% used [0x0000000080000000,0x00000000b48a5380,0x00000000b4900000)
 Metaspace       used 88848K, committed 90560K, reserved 1179648K
  class space    used 9166K, committed 9920K, reserved 1048576K
}
Event: 6934.765 GC heap before
{Heap before GC invocations=1062 (full 4):
 PSYoungGen      total 23552K, used 23528K [0x00000000d5580000, 0x00000000d7200000, 0x0000000100000000)
  eden space 22016K, 99% used [0x00000000d5580000,0x00000000d6afffb8,0x00000000d6b00000)
  from space 1536K, 98% used [0x00000000d6c00000,0x00000000d6d7a108,0x00000000d6d80000)
  to   space 3584K, 0% used [0x00000000d6e80000,0x00000000d6e80000,0x00000000d7200000)
 ParOldGen       total 861184K, used 860820K [0x0000000080000000, 0x00000000b4900000, 0x00000000d5580000)
  object space 861184K, 99% used [0x0000000080000000,0x00000000b48a5380,0x00000000b4900000)
 Metaspace       used 88848K, committed 90560K, reserved 1179648K
  class space    used 9166K, committed 9920K, reserved 1048576K
}
Event: 6934.766 GC heap after
{Heap after GC invocations=1062 (full 4):
 PSYoungGen      total 23552K, used 1280K [0x00000000d5580000, 0x00000000d7000000, 0x0000000100000000)
  eden space 22016K, 0% used [0x00000000d5580000,0x00000000d5580000,0x00000000d6b00000)
  from space 1536K, 83% used [0x00000000d6e80000,0x00000000d6fc0000,0x00000000d7000000)
  to   space 2048K, 0% used [0x00000000d6c00000,0x00000000d6c00000,0x00000000d6e00000)
 ParOldGen       total 862720K, used 862333K [0x0000000080000000, 0x00000000b4a80000, 0x00000000d5580000)
  object space 862720K, 99% used [0x0000000080000000,0x00000000b4a1f498,0x00000000b4a80000)
 Metaspace       used 88848K, committed 90560K, reserved 1179648K
  class space    used 9166K, committed 9920K, reserved 1048576K
}
Event: 6934.779 GC heap before
{Heap before GC invocations=1063 (full 4):
 PSYoungGen      total 23552K, used 23296K [0x00000000d5580000, 0x00000000d7000000, 0x0000000100000000)
  eden space 22016K, 100% used [0x00000000d5580000,0x00000000d6b00000,0x00000000d6b00000)
  from space 1536K, 83% used [0x00000000d6e80000,0x00000000d6fc0000,0x00000000d7000000)
  to   space 2048K, 0% used [0x00000000d6c00000,0x00000000d6c00000,0x00000000d6e00000)
 ParOldGen       total 862720K, used 862333K [0x0000000080000000, 0x00000000b4a80000, 0x00000000d5580000)
  object space 862720K, 99% used [0x0000000080000000,0x00000000b4a1f498,0x00000000b4a80000)
 Metaspace       used 88848K, committed 90560K, reserved 1179648K
  class space    used 9166K, committed 9920K, reserved 1048576K
}
Event: 6934.780 GC heap after
{Heap after GC invocations=1063 (full 4):
 PSYoungGen      total 23552K, used 1120K [0x00000000d5580000, 0x00000000d6f00000, 0x0000000100000000)
  eden space 22016K, 0% used [0x00000000d5580000,0x00000000d5580000,0x00000000d6b00000)
  from space 1536K, 72% used [0x00000000d6c00000,0x00000000d6d18000,0x00000000d6d80000)
  to   space 1536K, 0% used [0x00000000d6d80000,0x00000000d6d80000,0x00000000d6f00000)
 ParOldGen       total 863744K, used 863413K [0x0000000080000000, 0x00000000b4b80000, 0x00000000d5580000)
  object space 863744K, 99% used [0x0000000080000000,0x00000000b4b2d498,0x00000000b4b80000)
 Metaspace       used 88848K, committed 90560K, reserved 1179648K
  class space    used 9166K, committed 9920K, reserved 1048576K
}
Event: 6934.802 GC heap before
{Heap before GC invocations=1064 (full 4):
 PSYoungGen      total 23552K, used 23134K [0x00000000d5580000, 0x00000000d6f00000, 0x0000000100000000)
  eden space 22016K, 99% used [0x00000000d5580000,0x00000000d6aff8d0,0x00000000d6b00000)
  from space 1536K, 72% used [0x00000000d6c00000,0x00000000d6d18000,0x00000000d6d80000)
  to   space 1536K, 0% used [0x00000000d6d80000,0x00000000d6d80000,0x00000000d6f00000)
 ParOldGen       total 863744K, used 863413K [0x0000000080000000, 0x00000000b4b80000, 0x00000000d5580000)
  object space 863744K, 99% used [0x0000000080000000,0x00000000b4b2d498,0x00000000b4b80000)
 Metaspace       used 88851K, committed 90560K, reserved 1179648K
  class space    used 9166K, committed 9920K, reserved 1048576K
}
Event: 6934.803 GC heap after
{Heap after GC invocations=1064 (full 4):
 PSYoungGen      total 23040K, used 1518K [0x00000000d5580000, 0x00000000d7100000, 0x0000000100000000)
  eden space 21504K, 0% used [0x00000000d5580000,0x00000000d5580000,0x00000000d6a80000)
  from space 1536K, 98% used [0x00000000d6d80000,0x00000000d6efb900,0x00000000d6f00000)
  to   space 3072K, 0% used [0x00000000d6a80000,0x00000000d6a80000,0x00000000d6d80000)
 ParOldGen       total 864768K, used 864405K [0x0000000080000000, 0x00000000b4c80000, 0x00000000d5580000)
  object space 864768K, 99% used [0x0000000080000000,0x00000000b4c25498,0x00000000b4c80000)
 Metaspace       used 88851K, committed 90560K, reserved 1179648K
  class space    used 9166K, committed 9920K, reserved 1048576K
}

Dll operation events (12 events):
Event: 0.005 Loaded shared library c:\Users\L13X16W32\.vscode\extensions\redhat.java-1.53.0-win32-x64\jre\21.0.10-win32-x86_64\bin\java.dll
Event: 0.045 Loaded shared library c:\Users\L13X16W32\.vscode\extensions\redhat.java-1.53.0-win32-x64\jre\21.0.10-win32-x86_64\bin\zip.dll
Event: 0.055 Loaded shared library C:\Users\L13X16W32\.vscode\extensions\redhat.java-1.53.0-win32-x64\jre\21.0.10-win32-x86_64\bin\instrument.dll
Event: 0.057 Loaded shared library C:\Users\L13X16W32\.vscode\extensions\redhat.java-1.53.0-win32-x64\jre\21.0.10-win32-x86_64\bin\net.dll
Event: 0.058 Loaded shared library C:\Users\L13X16W32\.vscode\extensions\redhat.java-1.53.0-win32-x64\jre\21.0.10-win32-x86_64\bin\nio.dll
Event: 0.060 Loaded shared library C:\Users\L13X16W32\.vscode\extensions\redhat.java-1.53.0-win32-x64\jre\21.0.10-win32-x86_64\bin\zip.dll
Event: 0.068 Loaded shared library C:\Users\L13X16W32\.vscode\extensions\redhat.java-1.53.0-win32-x64\jre\21.0.10-win32-x86_64\bin\jimage.dll
Event: 0.109 Loaded shared library c:\Users\L13X16W32\.vscode\extensions\redhat.java-1.53.0-win32-x64\jre\21.0.10-win32-x86_64\bin\verify.dll
Event: 0.668 Loaded shared library C:\Users\L13X16W32\AppData\Roaming\Code\User\globalStorage\redhat.java\1.53.0\config_win\org.eclipse.equinox.launcher\org.eclipse.equinox.launcher.win32.win32.x86_64_1.3.0.v20260203-2149\eclipse_11919.dll
Event: 1.321 Loaded shared library C:\Users\L13X16W32\AppData\Local\Temp\jna-155134023\jna7459693679490471811.dll
Event: 2.065 Loaded shared library C:\Users\L13X16W32\.vscode\extensions\redhat.java-1.53.0-win32-x64\jre\21.0.10-win32-x86_64\bin\sunmscapi.dll
Event: 2.272 Loaded shared library C:\Users\L13X16W32\.vscode\extensions\redhat.java-1.53.0-win32-x64\jre\21.0.10-win32-x86_64\bin\extnet.dll

Deoptimization events (20 events):
Event: 6934.484 Thread 0x000001c12494c0b0 DEOPT PACKING pc=0x000001c0ccbdc028 sp=0x0000005849bfc4d0
Event: 6934.484 Thread 0x000001c12494c0b0 DEOPT UNPACKING pc=0x000001c0cb183aa2 sp=0x0000005849bfc440 mode 2
Event: 6934.513 Thread 0x000001c12494c0b0 Uncommon trap: trap_request=0xffffff54 fr.pc=0x000001c0ccac9184 relative=0x0000000000002384
Event: 6934.513 Thread 0x000001c12494c0b0 Uncommon trap: reason=speculate_null_assert action=make_not_entrant pc=0x000001c0ccac9184 method=org.eclipse.jdt.internal.core.JavaModelCache.peekAtInfo(Lorg/eclipse/jdt/core/IJavaElement;)Lorg/eclipse/jdt/internal/compiler/env/IElementInfo; @ 123 c2
Event: 6934.513 Thread 0x000001c12494c0b0 DEOPT PACKING pc=0x000001c0ccac9184 sp=0x0000005849bfe710
Event: 6934.513 Thread 0x000001c12494c0b0 DEOPT UNPACKING pc=0x000001c0cb183aa2 sp=0x0000005849bfe6d0 mode 2
Event: 6934.513 Thread 0x000001c12494c0b0 Uncommon trap: trap_request=0xffffff54 fr.pc=0x000001c0ccb1f63c relative=0x00000000000009dc
Event: 6934.513 Thread 0x000001c12494c0b0 Uncommon trap: reason=speculate_null_assert action=make_not_entrant pc=0x000001c0ccb1f63c method=org.eclipse.jdt.internal.core.JavaModelCache.peekAtInfo(Lorg/eclipse/jdt/core/IJavaElement;)Lorg/eclipse/jdt/internal/compiler/env/IElementInfo; @ 123 c2
Event: 6934.513 Thread 0x000001c12494c0b0 DEOPT PACKING pc=0x000001c0ccb1f63c sp=0x0000005849bfe6e0
Event: 6934.513 Thread 0x000001c12494c0b0 DEOPT UNPACKING pc=0x000001c0cb183aa2 sp=0x0000005849bfe6a8 mode 2
Event: 6934.519 Thread 0x000001c12494c0b0 Uncommon trap: trap_request=0xffffff6e fr.pc=0x000001c0ccb04490 relative=0x00000000000007b0
Event: 6934.519 Thread 0x000001c12494c0b0 Uncommon trap: reason=loop_limit_check action=maybe_recompile pc=0x000001c0ccb04490 method=org.eclipse.jdt.internal.compiler.util.SimpleLookupTable.rehash()V @ 50 c2
Event: 6934.519 Thread 0x000001c12494c0b0 DEOPT PACKING pc=0x000001c0ccb04490 sp=0x0000005849bfebf0
Event: 6934.519 Thread 0x000001c12494c0b0 DEOPT UNPACKING pc=0x000001c0cb183aa2 sp=0x0000005849bfeb98 mode 2
Event: 6934.525 Thread 0x000001c1249485a0 Uncommon trap: trap_request=0xffffff45 fr.pc=0x000001c0ccb13b18 relative=0x0000000000001538
Event: 6934.525 Thread 0x000001c1249485a0 Uncommon trap: reason=unstable_if action=reinterpret pc=0x000001c0ccb13b18 method=org.eclipse.jdt.internal.core.Openable.exists()Z @ 16 c2
Event: 6934.525 Thread 0x000001c1249485a0 DEOPT PACKING pc=0x000001c0ccb13b18 sp=0x0000005845ffebb0
Event: 6934.525 Thread 0x000001c1249485a0 DEOPT UNPACKING pc=0x000001c0cb183aa2 sp=0x0000005845ffeb68 mode 2
Event: 6934.736 Thread 0x000001c12494c0b0 DEOPT PACKING pc=0x000001c0c63d0de7 sp=0x0000005849bfe510
Event: 6934.737 Thread 0x000001c12494c0b0 DEOPT UNPACKING pc=0x000001c0cb184242 sp=0x0000005849bfd9f0 mode 0

Classes loaded (20 events):
Event: 6752.453 Loading class sun/security/ssl/CertificateMessage$CertificateEntry
Event: 6752.453 Loading class sun/security/ssl/CertificateMessage$CertificateEntry done
Event: 6752.460 Loading class sun/security/ssl/CertificateVerify$T13CertificateVerifyMessage
Event: 6752.460 Loading class sun/security/ssl/CertificateVerify$T13CertificateVerifyMessage done
Event: 6752.461 Loading class sun/security/ssl/SSLBasicKeyDerivation
Event: 6752.461 Loading class sun/security/ssl/SSLBasicKeyDerivation done
Event: 6752.461 Loading class sun/security/ssl/SSLBasicKeyDerivation$SecretSizeSpec
Event: 6752.461 Loading class sun/security/ssl/SSLBasicKeyDerivation$SecretSizeSpec done
Event: 6752.521 Loading class sun/security/ssl/PostHandshakeContext
Event: 6752.521 Loading class sun/security/ssl/PostHandshakeContext done
Event: 6752.521 Loading class sun/security/ssl/NewSessionTicket$T13NewSessionTicketMessage
Event: 6752.521 Loading class sun/security/ssl/NewSessionTicket$T13NewSessionTicketMessage done
Event: 6752.529 Loading class java/util/zip/CheckedInputStream
Event: 6752.529 Loading class java/util/zip/CheckedInputStream done
Event: 6752.530 Loading class java/nio/HeapByteBufferR
Event: 6752.530 Loading class java/nio/HeapByteBufferR done
Event: 6752.534 Loading class java/util/zip/GZIPInputStream$1
Event: 6752.534 Loading class java/util/zip/GZIPInputStream$1 done
Event: 6753.367 Loading class javax/xml/transform/TransformerConfigurationException
Event: 6753.367 Loading class javax/xml/transform/TransformerConfigurationException done

Classes unloaded (20 events):
Event: 3273.075 Thread 0x000001c0c0a74050 Unloading class 0x000001c0d9016400 'java/lang/invoke/LambdaForm$MH+0x000001c0d9016400'
Event: 3273.075 Thread 0x000001c0c0a74050 Unloading class 0x000001c0d9014800 'java/lang/invoke/LambdaForm$MH+0x000001c0d9014800'
Event: 3273.075 Thread 0x000001c0c0a74050 Unloading class 0x000001c0d900d800 'java/lang/invoke/LambdaForm$MH+0x000001c0d900d800'
Event: 3273.075 Thread 0x000001c0c0a74050 Unloading class 0x000001c0d900d400 'java/lang/invoke/LambdaForm$MH+0x000001c0d900d400'
Event: 3273.075 Thread 0x000001c0c0a74050 Unloading class 0x000001c0d900d000 'java/lang/invoke/LambdaForm$MH+0x000001c0d900d000'
Event: 3273.075 Thread 0x000001c0c0a74050 Unloading class 0x000001c0d900cc00 'java/lang/invoke/LambdaForm$MH+0x000001c0d900cc00'
Event: 3273.075 Thread 0x000001c0c0a74050 Unloading class 0x000001c0d900c800 'java/lang/invoke/LambdaForm$BMH+0x000001c0d900c800'
Event: 3273.075 Thread 0x000001c0c0a74050 Unloading class 0x000001c0d900c000 'java/lang/invoke/LambdaForm$DMH+0x000001c0d900c000'
Event: 3273.075 Thread 0x000001c0c0a74050 Unloading class 0x000001c0d9008c00 'java/lang/invoke/LambdaForm$MH+0x000001c0d9008c00'
Event: 3273.075 Thread 0x000001c0c0a74050 Unloading class 0x000001c0d9008800 'java/lang/invoke/LambdaForm$MH+0x000001c0d9008800'
Event: 3273.075 Thread 0x000001c0c0a74050 Unloading class 0x000001c0d9008400 'java/lang/invoke/LambdaForm$MH+0x000001c0d9008400'
Event: 3273.075 Thread 0x000001c0c0a74050 Unloading class 0x000001c0d9007000 'java/lang/invoke/LambdaForm$MH+0x000001c0d9007000'
Event: 3273.075 Thread 0x000001c0c0a74050 Unloading class 0x000001c0d9006800 'java/lang/invoke/LambdaForm$MH+0x000001c0d9006800'
Event: 3273.075 Thread 0x000001c0c0a74050 Unloading class 0x000001c0d9006400 'java/lang/invoke/LambdaForm$MH+0x000001c0d9006400'
Event: 3273.075 Thread 0x000001c0c0a74050 Unloading class 0x000001c0d9006000 'java/lang/invoke/LambdaForm$MH+0x000001c0d9006000'
Event: 3273.075 Thread 0x000001c0c0a74050 Unloading class 0x000001c0d9005c00 'java/lang/invoke/LambdaForm$BMH+0x000001c0d9005c00'
Event: 3273.075 Thread 0x000001c0c0a74050 Unloading class 0x000001c0d9004800 'java/lang/invoke/LambdaForm$DMH+0x000001c0d9004800'
Event: 3273.075 Thread 0x000001c0c0a74050 Unloading class 0x000001c0d9002400 'java/lang/invoke/LambdaForm$MH+0x000001c0d9002400'
Event: 3273.075 Thread 0x000001c0c0a74050 Unloading class 0x000001c0d9002000 'java/lang/invoke/LambdaForm$MH+0x000001c0d9002000'
Event: 3273.075 Thread 0x000001c0c0a74050 Unloading class 0x000001c0d9001800 'java/lang/invoke/LambdaForm$MH+0x000001c0d9001800'

Classes redefined (0 events):
No events

Internal exceptions (20 events):
Event: 6754.275 Thread 0x000001c12558e3b0 Exception <a 'sun/nio/fs/WindowsException'{0x00000000d5cfad60}> (0x00000000d5cfad60) 
thrown [s\src\hotspot\share\prims\jni.cpp, line 520]
Event: 6754.291 Thread 0x000001c12558bc50 Exception <a 'sun/nio/fs/WindowsException'{0x00000000d5c43b28}> (0x00000000d5c43b28) 
thrown [s\src\hotspot\share\prims\jni.cpp, line 520]
Event: 6754.291 Thread 0x000001c12558bc50 Exception <a 'sun/nio/fs/WindowsException'{0x00000000d5c44328}> (0x00000000d5c44328) 
thrown [s\src\hotspot\share\prims\jni.cpp, line 520]
Event: 6934.455 Thread 0x000001c12494c0b0 Exception <a 'sun/nio/fs/WindowsException'{0x00000000d57f81c8}> (0x00000000d57f81c8) 
thrown [s\src\hotspot\share\prims\jni.cpp, line 520]
Event: 6934.455 Thread 0x000001c12494c0b0 Exception <a 'sun/nio/fs/WindowsException'{0x00000000d57f8c78}> (0x00000000d57f8c78) 
thrown [s\src\hotspot\share\prims\jni.cpp, line 520]
Event: 6934.455 Thread 0x000001c12494c0b0 Exception <a 'sun/nio/fs/WindowsException'{0x00000000d5803178}> (0x00000000d5803178) 
thrown [s\src\hotspot\share\prims\jni.cpp, line 520]
Event: 6934.455 Thread 0x000001c12494c0b0 Exception <a 'sun/nio/fs/WindowsException'{0x00000000d5803c28}> (0x00000000d5803c28) 
thrown [s\src\hotspot\share\prims\jni.cpp, line 520]
Event: 6934.464 Thread 0x000001c12494c0b0 Exception <a 'sun/nio/fs/WindowsException'{0x00000000d57a2148}> (0x00000000d57a2148) 
thrown [s\src\hotspot\share\prims\jni.cpp, line 520]
Event: 6934.464 Thread 0x000001c12494c0b0 Exception <a 'sun/nio/fs/WindowsException'{0x00000000d57a2bf8}> (0x00000000d57a2bf8) 
thrown [s\src\hotspot\share\prims\jni.cpp, line 520]
Event: 6934.512 Thread 0x000001c12494c0b0 Exception <a 'sun/nio/fs/WindowsException'{0x00000000d59d4038}> (0x00000000d59d4038) 
thrown [s\src\hotspot\share\prims\jni.cpp, line 520]
Event: 6934.512 Thread 0x000001c12494c0b0 Exception <a 'sun/nio/fs/WindowsException'{0x00000000d59d4ae8}> (0x00000000d59d4ae8) 
thrown [s\src\hotspot\share\prims\jni.cpp, line 520]
Event: 6934.639 Thread 0x000001c12256c040 Exception <a 'sun/nio/fs/WindowsException'{0x00000000d5791bc8}> (0x00000000d5791bc8) 
thrown [s\src\hotspot\share\prims\jni.cpp, line 520]
Event: 6934.805 Thread 0x000001c1249485a0 Exception <a 'sun/nio/fs/WindowsException'{0x00000000d5753f30}> (0x00000000d5753f30) 
thrown [s\src\hotspot\share\prims\jni.cpp, line 520]
Event: 6934.806 Thread 0x000001c122dae4d0 Exception <a 'sun/nio/fs/WindowsException'{0x00000000d56e9888}> (0x00000000d56e9888) 
thrown [s\src\hotspot\share\prims\jni.cpp, line 520]
Event: 6934.806 Thread 0x000001c1249485a0 Exception <a 'sun/nio/fs/WindowsException'{0x00000000d5754730}> (0x00000000d5754730) 
thrown [s\src\hotspot\share\prims\jni.cpp, line 520]
Event: 6934.806 Thread 0x000001c122dae4d0 Exception <a 'sun/nio/fs/WindowsException'{0x00000000d56ea0a8}> (0x00000000d56ea0a8) 
thrown [s\src\hotspot\share\prims\jni.cpp, line 520]
Event: 6934.806 Thread 0x000001c1249485a0 Exception <a 'sun/nio/fs/WindowsException'{0x00000000d57a4278}> (0x00000000d57a4278) 
thrown [s\src\hotspot\share\prims\jni.cpp, line 520]
Event: 6934.806 Thread 0x000001c1249485a0 Exception <a 'sun/nio/fs/WindowsException'{0x00000000d57a4a78}> (0x00000000d57a4a78) 
thrown [s\src\hotspot\share\prims\jni.cpp, line 520]
Event: 6934.806 Thread 0x000001c122dae4d0 Exception <a 'sun/nio/fs/WindowsException'{0x00000000d56fb300}> (0x00000000d56fb300) 
thrown [s\src\hotspot\share\prims\jni.cpp, line 520]
Event: 6934.806 Thread 0x000001c122dae4d0 Exception <a 'sun/nio/fs/WindowsException'{0x00000000d56fbb00}> (0x00000000d56fbb00) 
thrown [s\src\hotspot\share\prims\jni.cpp, line 520]

ZGC Phase Switch (0 events):
No events

VM Operations (20 events):
Event: 6934.676 Executing safepoint VM operation: ParallelGCFailedAllocation (Allocation Failure)
Event: 6934.677 Executing safepoint VM operation: ParallelGCFailedAllocation (Allocation Failure) done
Event: 6934.689 Executing safepoint VM operation: ParallelGCFailedAllocation (Allocation Failure)
Event: 6934.690 Executing safepoint VM operation: ParallelGCFailedAllocation (Allocation Failure) done
Event: 6934.701 Executing safepoint VM operation: ParallelGCFailedAllocation (Allocation Failure)
Event: 6934.702 Executing safepoint VM operation: ParallelGCFailedAllocation (Allocation Failure) done
Event: 6934.713 Executing safepoint VM operation: ParallelGCFailedAllocation (Allocation Failure)
Event: 6934.715 Executing safepoint VM operation: ParallelGCFailedAllocation (Allocation Failure) done
Event: 6934.726 Executing safepoint VM operation: ParallelGCFailedAllocation (Allocation Failure)
Event: 6934.727 Executing safepoint VM operation: ParallelGCFailedAllocation (Allocation Failure) done
Event: 6934.741 Executing safepoint VM operation: ParallelGCFailedAllocation (Allocation Failure)
Event: 6934.742 Executing safepoint VM operation: ParallelGCFailedAllocation (Allocation Failure) done
Event: 6934.753 Executing safepoint VM operation: ParallelGCFailedAllocation (Allocation Failure)
Event: 6934.754 Executing safepoint VM operation: ParallelGCFailedAllocation (Allocation Failure) done
Event: 6934.765 Executing safepoint VM operation: ParallelGCFailedAllocation (Allocation Failure)
Event: 6934.766 Executing safepoint VM operation: ParallelGCFailedAllocation (Allocation Failure) done
Event: 6934.778 Executing safepoint VM operation: ParallelGCFailedAllocation (Allocation Failure)
Event: 6934.780 Executing safepoint VM operation: ParallelGCFailedAllocation (Allocation Failure) done
Event: 6934.802 Executing safepoint VM operation: ParallelGCFailedAllocation (Allocation Failure)
Event: 6934.803 Executing safepoint VM operation: ParallelGCFailedAllocation (Allocation Failure) done

Memory protections (0 events):
No events

Nmethod flushes (20 events):
Event: 3273.132 Thread 0x000001c0c0a74050 flushing  nmethod 0x000001c0c4e9b610
Event: 3273.132 Thread 0x000001c0c0a74050 flushing osr nmethod 0x000001c0c4e9fd90
Event: 3273.132 Thread 0x000001c0c0a74050 flushing  nmethod 0x000001c0c4ea0990
Event: 3273.132 Thread 0x000001c0c0a74050 flushing  nmethod 0x000001c0c4ea2310
Event: 3273.132 Thread 0x000001c0c0a74050 flushing  nmethod 0x000001c0c4ea4d10
Event: 3273.132 Thread 0x000001c0c0a74050 flushing  nmethod 0x000001c0c4ed3910
Event: 3273.132 Thread 0x000001c0c0a74050 flushing  nmethod 0x000001c0c4ed3f90
Event: 3273.132 Thread 0x000001c0c0a74050 flushing  nmethod 0x000001c0c4ed4910
Event: 3273.132 Thread 0x000001c0c0a74050 flushing  nmethod 0x000001c0c4ed6810
Event: 3273.132 Thread 0x000001c0c0a74050 flushing  nmethod 0x000001c0c4ed7290
Event: 3273.132 Thread 0x000001c0c0a74050 flushing  nmethod 0x000001c0c4ed8290
Event: 3273.132 Thread 0x000001c0c0a74050 flushing  nmethod 0x000001c0c4edae10
Event: 3273.132 Thread 0x000001c0c0a74050 flushing  nmethod 0x000001c0c4ef6910
Event: 3273.132 Thread 0x000001c0c0a74050 flushing  nmethod 0x000001c0c4ef6d90
Event: 3273.132 Thread 0x000001c0c0a74050 flushing  nmethod 0x000001c0c4f27910
Event: 3273.132 Thread 0x000001c0c0a74050 flushing  nmethod 0x000001c0c4f53490
Event: 3273.132 Thread 0x000001c0c0a74050 flushing  nmethod 0x000001c0c4f54c90
Event: 3273.132 Thread 0x000001c0c0a74050 flushing  nmethod 0x000001c0c4f56910
Event: 3273.132 Thread 0x000001c0c0a74050 flushing  nmethod 0x000001c0c4f56e10
Event: 3273.132 Thread 0x000001c0c0a74050 flushing  nmethod 0x000001c0c4f58b10

Events (20 events):
Event: 6934.340 Thread 0x000001c0c0a8d9a0 Thread added: 0x000001c119a9f530
Event: 6934.371 Thread 0x000001c122db1fe0 Thread exited: 0x000001c122db1fe0
Event: 6934.371 Thread 0x000001c122db12c0 Thread exited: 0x000001c122db12c0
Event: 6934.371 Thread 0x000001c122dad120 Thread exited: 0x000001c122dad120
Event: 6934.371 Thread 0x000001c122daff10 Thread exited: 0x000001c122daff10
Event: 6934.371 Thread 0x000001c122dade40 Thread exited: 0x000001c122dade40
Event: 6934.372 Thread 0x000001c0c0a8d9a0 Thread added: 0x000001c119aa2bb0
Event: 6934.471 Thread 0x000001c12494c0b0 Thread added: 0x000001c122db1fe0
Event: 6934.471 Thread 0x000001c12494c0b0 Thread added: 0x000001c122daff10
Event: 6934.471 Thread 0x000001c12494c0b0 Thread added: 0x000001c122db0c30
Event: 6934.472 Thread 0x000001c12494c0b0 Thread added: 0x000001c122db05a0
Event: 6934.472 Thread 0x000001c12494c0b0 Thread added: 0x000001c122dade40
Event: 6934.478 Thread 0x000001c122daff10 Thread exited: 0x000001c122daff10
Event: 6934.478 Thread 0x000001c122db05a0 Thread exited: 0x000001c122db05a0
Event: 6934.478 Thread 0x000001c122dade40 Thread exited: 0x000001c122dade40
Event: 6934.478 Thread 0x000001c122db0c30 Thread exited: 0x000001c122db0c30
Event: 6934.478 Thread 0x000001c122db1fe0 Thread exited: 0x000001c122db1fe0
Event: 6934.739 Thread 0x000001c0c0a8d9a0 Thread added: 0x000001c119aa3950
Event: 6934.805 Thread 0x000001c1249485a0 Thread added: 0x000001c122dae4d0
Event: 6934.805 Thread 0x000001c1249485a0 Thread added: 0x000001c122dad120


Dynamic libraries:
0x00007ff79c6b0000 - 0x00007ff79c6be000 	c:\Users\L13X16W32\.vscode\extensions\redhat.java-1.53.0-win32-x64\jre\21.0.10-win32-x86_64\bin\java.exe
0x00007fff2cc50000 - 0x00007fff2ce68000 	C:\WINDOWS\SYSTEM32\ntdll.dll
0x00007fff2b4d0000 - 0x00007fff2b594000 	C:\WINDOWS\System32\KERNEL32.DLL
0x00007fff29de0000 - 0x00007fff2a1b3000 	C:\WINDOWS\System32\KERNELBASE.dll
0x00007fff264d0000 - 0x00007fff26567000 	C:\WINDOWS\SYSTEM32\apphelp.dll
0x00007fff2a3a0000 - 0x00007fff2a4b1000 	C:\WINDOWS\System32\ucrtbase.dll
0x00007ffe852d0000 - 0x00007ffe852ee000 	c:\Users\L13X16W32\.vscode\extensions\redhat.java-1.53.0-win32-x64\jre\21.0.10-win32-x86_64\bin\VCRUNTIME140.dll
0x00007ffec0ba0000 - 0x00007ffec0bb8000 	c:\Users\L13X16W32\.vscode\extensions\redhat.java-1.53.0-win32-x64\jre\21.0.10-win32-x86_64\bin\jli.dll
0x00007fff2a970000 - 0x00007fff2ab22000 	C:\WINDOWS\System32\USER32.dll
0x00007fff19420000 - 0x00007fff196bc000 	C:\WINDOWS\WinSxS\amd64_microsoft.windows.common-controls_6595b64144ccf1df_6.0.22621.6060_none_2712eda17382d24b\COMCTL32.dll
0x00007fff2a580000 - 0x00007fff2a5a6000 	C:\WINDOWS\System32\win32u.dll
0x00007fff2b620000 - 0x00007fff2b6c7000 	C:\WINDOWS\System32\msvcrt.dll
0x00007fff2afd0000 - 0x00007fff2aff9000 	C:\WINDOWS\System32\GDI32.dll
0x00007fff2a7d0000 - 0x00007fff2a8eb000 	C:\WINDOWS\System32\gdi32full.dll
0x00007fff2a300000 - 0x00007fff2a39a000 	C:\WINDOWS\System32\msvcp_win.dll
0x00007fff2ab70000 - 0x00007fff2aba1000 	C:\WINDOWS\System32\IMM32.DLL
0x00007fff10300000 - 0x00007fff1030c000 	c:\Users\L13X16W32\.vscode\extensions\redhat.java-1.53.0-win32-x64\jre\21.0.10-win32-x86_64\bin\vcruntime140_1.dll
0x00007ffe5ec80000 - 0x00007ffe5ed0d000 	c:\Users\L13X16W32\.vscode\extensions\redhat.java-1.53.0-win32-x64\jre\21.0.10-win32-x86_64\bin\msvcp140.dll
0x00007ffe5ded0000 - 0x00007ffe5ec71000 	c:\Users\L13X16W32\.vscode\extensions\redhat.java-1.53.0-win32-x64\jre\21.0.10-win32-x86_64\bin\server\jvm.dll
0x00007fff2cb50000 - 0x00007fff2cc01000 	C:\WINDOWS\System32\ADVAPI32.dll
0x00007fff2b420000 - 0x00007fff2b4c8000 	C:\WINDOWS\System32\sechost.dll
0x00007fff2a720000 - 0x00007fff2a748000 	C:\WINDOWS\System32\bcrypt.dll
0x00007fff2abb0000 - 0x00007fff2acc8000 	C:\WINDOWS\System32\RPCRT4.dll
0x00007fff2b6d0000 - 0x00007fff2b741000 	C:\WINDOWS\System32\WS2_32.dll
0x00007fff29600000 - 0x00007fff2964d000 	C:\WINDOWS\SYSTEM32\POWRPROF.dll
0x00007fff1e960000 - 0x00007fff1e994000 	C:\WINDOWS\SYSTEM32\WINMM.dll
0x00007fff220f0000 - 0x00007fff220fa000 	C:\WINDOWS\SYSTEM32\VERSION.dll
0x00007fff295e0000 - 0x00007fff295f3000 	C:\WINDOWS\SYSTEM32\UMPDC.dll
0x00007fff28d00000 - 0x00007fff28d18000 	C:\WINDOWS\SYSTEM32\kernel.appcore.dll
0x00007fff10060000 - 0x00007fff1006a000 	c:\Users\L13X16W32\.vscode\extensions\redhat.java-1.53.0-win32-x64\jre\21.0.10-win32-x86_64\bin\jimage.dll
0x00007fff1de40000 - 0x00007fff1e073000 	C:\WINDOWS\SYSTEM32\DBGHELP.DLL
0x00007fff2c7b0000 - 0x00007fff2cb41000 	C:\WINDOWS\System32\combase.dll
0x00007fff2ae80000 - 0x00007fff2af58000 	C:\WINDOWS\System32\OLEAUT32.dll
0x00007fff1c940000 - 0x00007fff1c972000 	C:\WINDOWS\SYSTEM32\dbgcore.DLL
0x00007fff29d60000 - 0x00007fff29ddb000 	C:\WINDOWS\System32\bcryptPrimitives.dll
0x00007fff0fcd0000 - 0x00007fff0fcdf000 	c:\Users\L13X16W32\.vscode\extensions\redhat.java-1.53.0-win32-x64\jre\21.0.10-win32-x86_64\bin\instrument.dll
0x00007ffe84a30000 - 0x00007ffe84a50000 	c:\Users\L13X16W32\.vscode\extensions\redhat.java-1.53.0-win32-x64\jre\21.0.10-win32-x86_64\bin\java.dll
0x00007fff2bbd0000 - 0x00007fff2c46c000 	C:\WINDOWS\System32\SHELL32.dll
0x00007fff2a1c0000 - 0x00007fff2a2ff000 	C:\WINDOWS\System32\wintypes.dll
0x00007fff27b40000 - 0x00007fff2845a000 	C:\WINDOWS\SYSTEM32\windows.storage.dll
0x00007fff2c6a0000 - 0x00007fff2c7a4000 	C:\WINDOWS\System32\SHCORE.dll
0x00007fff2a900000 - 0x00007fff2a969000 	C:\WINDOWS\System32\shlwapi.dll
0x00007fff29c90000 - 0x00007fff29cb5000 	C:\WINDOWS\SYSTEM32\profapi.dll
0x00007ffe84a10000 - 0x00007ffe84a28000 	c:\Users\L13X16W32\.vscode\extensions\redhat.java-1.53.0-win32-x64\jre\21.0.10-win32-x86_64\bin\zip.dll
0x00007fff0f970000 - 0x00007fff0f980000 	C:\Users\L13X16W32\.vscode\extensions\redhat.java-1.53.0-win32-x64\jre\21.0.10-win32-x86_64\bin\net.dll
0x00007fff25910000 - 0x00007fff25a3c000 	C:\WINDOWS\SYSTEM32\WINHTTP.dll
0x00007fff291c0000 - 0x00007fff29229000 	C:\WINDOWS\system32\mswsock.dll
0x00007ffe835e0000 - 0x00007ffe835f6000 	C:\Users\L13X16W32\.vscode\extensions\redhat.java-1.53.0-win32-x64\jre\21.0.10-win32-x86_64\bin\nio.dll
0x00007fff0f7f0000 - 0x00007fff0f800000 	c:\Users\L13X16W32\.vscode\extensions\redhat.java-1.53.0-win32-x64\jre\21.0.10-win32-x86_64\bin\verify.dll
0x00007ffe5de80000 - 0x00007ffe5dec5000 	C:\Users\L13X16W32\AppData\Roaming\Code\User\globalStorage\redhat.java\1.53.0\config_win\org.eclipse.equinox.launcher\org.eclipse.equinox.launcher.win32.win32.x86_64_1.3.0.v20260203-2149\eclipse_11919.dll
0x00007fff2c490000 - 0x00007fff2c631000 	C:\WINDOWS\System32\ole32.dll
0x00007fff29570000 - 0x00007fff2958b000 	C:\WINDOWS\SYSTEM32\CRYPTSP.dll
0x00007fff28c60000 - 0x00007fff28c97000 	C:\WINDOWS\system32\rsaenh.dll
0x00007fff29260000 - 0x00007fff29288000 	C:\WINDOWS\SYSTEM32\USERENV.dll
0x00007fff29500000 - 0x00007fff2950c000 	C:\WINDOWS\SYSTEM32\CRYPTBASE.dll
0x00007fff28580000 - 0x00007fff285ad000 	C:\WINDOWS\SYSTEM32\IPHLPAPI.DLL
0x00007fff2b360000 - 0x00007fff2b369000 	C:\WINDOWS\System32\NSI.dll
0x00007ffe5de30000 - 0x00007ffe5de79000 	C:\Users\L13X16W32\AppData\Local\Temp\jna-155134023\jna7459693679490471811.dll
0x00007fff2ab40000 - 0x00007fff2ab48000 	C:\WINDOWS\System32\PSAPI.DLL
0x00007fff264b0000 - 0x00007fff264c9000 	C:\WINDOWS\SYSTEM32\dhcpcsvc6.DLL
0x00007fff26a50000 - 0x00007fff26a6f000 	C:\WINDOWS\SYSTEM32\dhcpcsvc.DLL
0x00007fff0b450000 - 0x00007fff0b45e000 	C:\Users\L13X16W32\.vscode\extensions\redhat.java-1.53.0-win32-x64\jre\21.0.10-win32-x86_64\bin\sunmscapi.dll
0x00007fff2a5b0000 - 0x00007fff2a718000 	C:\WINDOWS\System32\CRYPT32.dll
0x00007fff295b0000 - 0x00007fff295de000 	C:\WINDOWS\SYSTEM32\ncrypt.dll
0x00007fff29530000 - 0x00007fff29567000 	C:\WINDOWS\SYSTEM32\NTASN1.dll
0x00007fff285e0000 - 0x00007fff286d8000 	C:\WINDOWS\SYSTEM32\DNSAPI.dll
0x00007fff23d50000 - 0x00007fff23d5a000 	C:\Windows\System32\rasadhlp.dll
0x00007fff26970000 - 0x00007fff269f4000 	C:\WINDOWS\System32\fwpuclnt.dll
0x00007fff0c220000 - 0x00007fff0c229000 	C:\Users\L13X16W32\.vscode\extensions\redhat.java-1.53.0-win32-x64\jre\21.0.10-win32-x86_64\bin\extnet.dll

JVMTI agents:
c:\Users\L13X16W32\.vscode\extensions\redhat.java-1.53.0-win32-x64\lombok\lombok-1.18.39-4050.jar path:c:\Users\L13X16W32\.vscode\extensions\redhat.java-1.53.0-win32-x64\jre\21.0.10-win32-x86_64\bin\instrument.dll, loaded, initialized, instrumentlib options:none

dbghelp: loaded successfully - version: 4.0.5 - missing functions: none
symbol engine: initialized successfully - sym options: 0x614 - pdb path: .;c:\Users\L13X16W32\.vscode\extensions\redhat.java-1.53.0-win32-x64\jre\21.0.10-win32-x86_64\bin;C:\WINDOWS\SYSTEM32;C:\WINDOWS\WinSxS\amd64_microsoft.windows.common-controls_6595b64144ccf1df_6.0.22621.6060_none_2712eda17382d24b;c:\Users\L13X16W32\.vscode\extensions\redhat.java-1.53.0-win32-x64\jre\21.0.10-win32-x86_64\bin\server;C:\Users\L13X16W32\AppData\Roaming\Code\User\globalStorage\redhat.java\1.53.0\config_win\org.eclipse.equinox.launcher\org.eclipse.equinox.launcher.win32.win32.x86_64_1.3.0.v20260203-2149;C:\Users\L13X16W32\AppData\Local\Temp\jna-155134023

VM Arguments:
jvm_args: --add-modules=ALL-SYSTEM --add-opens=java.base/java.util=ALL-UNNAMED --add-opens=java.base/java.lang=ALL-UNNAMED --add-opens=java.base/sun.nio.fs=ALL-UNNAMED -Declipse.application=org.eclipse.jdt.ls.core.id1 -Dosgi.bundles.defaultStartLevel=4 -Declipse.product=org.eclipse.jdt.ls.core.product -Djava.import.generatesMetadataFilesAtProjectRoot=false -DDetectVMInstallationsJob.disabled=true -Dfile.encoding=utf8 -XX:+UseParallelGC -XX:GCTimeRatio=4 -XX:AdaptiveSizePolicyWeight=90 -Dsun.zip.disableMemoryMapping=true -Xmx2G -Xms100m -Xlog:disable -javaagent:c:\Users\L13X16W32\.vscode\extensions\redhat.java-1.53.0-win32-x64\lombok\lombok-1.18.39-4050.jar -XX:+HeapDumpOnOutOfMemoryError -XX:HeapDumpPath=c:\Users\L13X16W32\AppData\Roaming\Code\User\workspaceStorage\11064a5747c5e21143702aca2eb3395a\redhat.java -Daether.dependencyCollector.impl=bf 
java_command: c:\Users\L13X16W32\.vscode\extensions\redhat.java-1.53.0-win32-x64\server\plugins\org.eclipse.equinox.launcher_1.7.100.v20251111-0406.jar -configuration c:\Users\L13X16W32\AppData\Roaming\Code\User\globalStorage\redhat.java\1.53.0\config_win -data c:\Users\L13X16W32\AppData\Roaming\Code\User\workspaceStorage\11064a5747c5e21143702aca2eb3395a\redhat.java\jdt_ws --pipe=\\.\pipe\lsp-0b665716e9b4d6a5d843fb32c04f4750-sock
java_class_path (initial): c:\Users\L13X16W32\.vscode\extensions\redhat.java-1.53.0-win32-x64\server\plugins\org.eclipse.equinox.launcher_1.7.100.v20251111-0406.jar
Launcher Type: SUN_STANDARD

[Global flags]
    uintx AdaptiveSizePolicyWeight                 = 90                                        {product} {command line}
     intx CICompilerCount                          = 12                                        {product} {ergonomic}
    uintx GCTimeRatio                              = 4                                         {product} {command line}
     bool HeapDumpOnOutOfMemoryError               = true                                   {manageable} {command line}
    ccstr HeapDumpPath                             = c:\Users\L13X16W32\AppData\Roaming\Code\User\workspaceStorage\11064a5747c5e21143702aca2eb3395a\redhat.java         {manageable} {command line}
   size_t InitialHeapSize                          = 104857600                                 {product} {command line}
   size_t MaxHeapSize                              = 2147483648                                {product} {command line}
   size_t MaxNewSize                               = 715653120                                 {product} {ergonomic}
   size_t MinHeapDeltaBytes                        = 524288                                    {product} {ergonomic}
   size_t MinHeapSize                              = 104857600                                 {product} {command line}
   size_t NewSize                                  = 34603008                                  {product} {ergonomic}
    uintx NonNMethodCodeHeapSize                   = 7602480                                {pd product} {ergonomic}
    uintx NonProfiledCodeHeapSize                  = 122027880                              {pd product} {ergonomic}
   size_t OldSize                                  = 70254592                                  {product} {ergonomic}
    uintx ProfiledCodeHeapSize                     = 122027880                              {pd product} {ergonomic}
    uintx ReservedCodeCacheSize                    = 251658240                              {pd product} {ergonomic}
     bool SegmentedCodeCache                       = true                                      {product} {ergonomic}
   size_t SoftMaxHeapSize                          = 2147483648                             {manageable} {ergonomic}
     bool UseCompressedOops                        = true                           {product lp64_product} {ergonomic}
     bool UseLargePagesIndividualAllocation        = false                                  {pd product} {ergonomic}
     bool UseParallelGC                            = true                                      {product} {command line}

Logging:
Log output configuration:
 #0: stdout all=off uptime,level,tags foldmultilines=false
 #1: stderr all=off uptime,level,tags foldmultilines=false

Release file:
JAVA_VERSION="21.0.10" 
MODULES="java.base java.compiler java.datatransfer java.xml java.prefs java.desktop java.instrument java.logging java.management java.security.sasl java.naming java.rmi java.management.rmi java.net.http java.scripting java.security.jgss java.transaction.xa java.sql java.sql.rowset java.xml.crypto java.se java.smartcardio jdk.accessibility jdk.internal.jvmstat jdk.attach jdk.charsets jdk.internal.opt jdk.zipfs jdk.compiler jdk.crypto.ec jdk.crypto.cryptoki jdk.crypto.mscapi jdk.dynalink jdk.internal.ed jdk.editpad jdk.hotspot.agent jdk.httpserver jdk.internal.le jdk.internal.vm.ci jdk.internal.vm.compiler jdk.internal.vm.compiler.management jdk.jartool jdk.javadoc jdk.jcmd jdk.management jdk.management.agent jdk.jconsole jdk.jdeps jdk.jdwp.agent jdk.jdi jdk.jfr jdk.jshell jdk.jsobject jdk.jstatd jdk.localedata jdk.management.jfr jdk.naming.dns jdk.naming.rmi jdk.net jdk.nio.mapmode jdk.random jdk.sctp jdk.security.auth jdk.security.jgss jdk.unsupported jdk.unsupported.desktop jdk.xml.dom" 

Environment Variables:
PATH=C:\Program Files (x86)\VMware\VMware Workstation\bin\;C:\Program Files\Microsoft\jdk-11.0.12.7-hotspot\bin;C:\Program Files\Common Files\Oracle\Java\javapath;C:\Program Files (x86)\Common Files\Oracle\Java\javapath;C:\WINDOWS\system32;C:\WINDOWS;C:\WINDOWS\System32\Wbem;C:\WINDOWS\System32\WindowsPowerShell\v1.0\;C:\WINDOWS\System32\OpenSSH\;C:\Program Files\Microsoft SQL Server\150\Tools\Binn\;C:\Program Files\Microsoft SQL Server\Client SDK\ODBC\170\Tools\Binn\;C:\Program Files\dotnet\;C:\Program Files (x86)\IncrediBuild;C:\Program Files\Git\cmd;C:\Program Files\nodejs\;C:\Users\L13X16W32\AppData\Local\Programs\Eclipse Adoptium\jdk-17.0.18.8-hotspot\bin;C:\Users\L13X16W32\AppData\Local\Microsoft\WindowsApps;C:\Users\L13X16W32\AppData\Local\Programs\Microsoft VS Code\bin;C:\Users\L13X16W32\AppData\Local\GitHubDesktop\bin
USERNAME=L13X16W32
OS=Windows_NT
PROCESSOR_IDENTIFIER=Intel64 Family 6 Model 151 Stepping 2, GenuineIntel
TMP=C:\Users\L13X16~1\AppData\Local\Temp
TEMP=C:\Users\L13X16~1\AppData\Local\Temp




Periodic native trim disabled

---------------  S Y S T E M  ---------------

OS:
 Windows 11 , 64 bit Build 22621 (10.0.22621.5415)
OS uptime: 0 days 6:25 hours
Hyper-V role detected

CPU: total 20 (initial active 20) (10 cores per cpu, 2 threads per core) family 6 model 151 stepping 2 microcode 0x23, cx8, cmov, fxsr, ht, mmx, 3dnowpref, sse, sse2, sse3, ssse3, sse4.1, sse4.2, popcnt, lzcnt, tsc, tscinvbit, avx, avx2, aes, erms, clmul, bmi1, bmi2, adx, sha, fma, vzeroupper, clflush, clflushopt, clwb, hv, serialize, rdtscp, rdpid, fsrm, f16c, cet_ibt, cet_ss
Processor Information for processor 0
  Max Mhz: 2100, Current Mhz: 2100, Mhz Limit: 2100
Processor Information for processor 1
  Max Mhz: 2100, Current Mhz: 2100, Mhz Limit: 2100
Processor Information for processor 2
  Max Mhz: 2100, Current Mhz: 2100, Mhz Limit: 2100
Processor Information for processor 3
  Max Mhz: 2100, Current Mhz: 2100, Mhz Limit: 2100
Processor Information for processor 4
  Max Mhz: 2100, Current Mhz: 2100, Mhz Limit: 2100
Processor Information for processor 5
  Max Mhz: 2100, Current Mhz: 2100, Mhz Limit: 2100
Processor Information for processor 6
  Max Mhz: 2100, Current Mhz: 2100, Mhz Limit: 2100
Processor Information for processor 7
  Max Mhz: 2100, Current Mhz: 2100, Mhz Limit: 2100
Processor Information for processor 8
  Max Mhz: 2100, Current Mhz: 2100, Mhz Limit: 2100
Processor Information for processor 9
  Max Mhz: 2100, Current Mhz: 2100, Mhz Limit: 2100
Processor Information for processor 10
  Max Mhz: 2100, Current Mhz: 2100, Mhz Limit: 2100
Processor Information for processor 11
  Max Mhz: 2100, Current Mhz: 2100, Mhz Limit: 2100
Processor Information for processor 12
  Max Mhz: 2100, Current Mhz: 2100, Mhz Limit: 2100
Processor Information for processor 13
  Max Mhz: 2100, Current Mhz: 2100, Mhz Limit: 2100
Processor Information for processor 14
  Max Mhz: 2100, Current Mhz: 2100, Mhz Limit: 2100
Processor Information for processor 15
  Max Mhz: 2100, Current Mhz: 2100, Mhz Limit: 2100
Processor Information for processor 16
  Max Mhz: 2100, Current Mhz: 1600, Mhz Limit: 1596
Processor Information for processor 17
  Max Mhz: 2100, Current Mhz: 1600, Mhz Limit: 1596
Processor Information for processor 18
  Max Mhz: 2100, Current Mhz: 1600, Mhz Limit: 1596
Processor Information for processor 19
  Max Mhz: 2100, Current Mhz: 1600, Mhz Limit: 1596

Memory: 4k page, system-wide physical 16125M (5787M free)
TotalPageFile size 18557M (AvailPageFile size 3914M)
current process WorkingSet (physical memory assigned to process): 849M, peak: 851M
current process commit charge ("private bytes"): 1327M, peak: 1330M

vm_info: OpenJDK 64-Bit Server VM (21.0.10+7-LTS) for windows-amd64 JRE (21.0.10+7-LTS), built on 2026-01-20T00:00:00Z by "admin" with MS VC++ 17.12 (VS2022)

END.
